current directory: /home/ec2-user/environment/be-yourself/vender/bundle/ruby/2.5.0/gems/rmagick-4.2.1/ext/RMagick
/home/ec2-user/.rvm/rubies/ruby-2.5.3/bin/ruby -I /home/ec2-user/.rvm/rubies/ruby-2.5.3/lib/ruby/site_ruby/2.5.0 -r ./siteconf20210211-7722-ypvyy5.rb extconf.rb
checking for brew... no
checking for pacman... no
checking for Ruby version >= 2.3.0... yes
checking for pkg-config... yes
checking for outdated ImageMagick version (<= 6.7.7)... no
checking for gcc... yes
checking for __GNUC__... *** extconf.rb failed ***
Could not create Makefile due to some reason, probably lack of necessary
libraries and/or headers.  Check the mkmf.log file for more details.  You may
need configuration options.

Provided configuration options:
	--with-opt-dir
	--without-opt-dir
	--with-opt-include
	--without-opt-include=${opt-dir}/include
	--with-opt-lib
	--without-opt-lib=${opt-dir}/lib
	--with-make-prog
	--without-make-prog
	--srcdir=.
	--curdir
	--ruby=/home/ec2-user/.rvm/rubies/ruby-2.5.3/bin/$(RUBY_BASE_NAME)
/home/ec2-user/.rvm/rubies/ruby-2.5.3/lib/ruby/2.5.0/mkmf.rb:456:in `try_do': The compiler failed to generate an executable file. (RuntimeError)
You have to install development tools first.
	from /home/ec2-user/.rvm/rubies/ruby-2.5.3/lib/ruby/2.5.0/mkmf.rb:574:in `block in try_compile'
	from /home/ec2-user/.rvm/rubies/ruby-2.5.3/lib/ruby/2.5.0/mkmf.rb:523:in `with_werror'
	from /home/ec2-user/.rvm/rubies/ruby-2.5.3/lib/ruby/2.5.0/mkmf.rb:574:in `try_compile'
	from /home/ec2-user/.rvm/rubies/ruby-2.5.3/lib/ruby/2.5.0/mkmf.rb:841:in `macro_defined?'
	from /home/ec2-user/.rvm/rubies/ruby-2.5.3/lib/ruby/2.5.0/mkmf.rb:983:in `block in have_macro'
	from /home/ec2-user/.rvm/rubies/ruby-2.5.3/lib/ruby/2.5.0/mkmf.rb:948:in `block in checking_for'
	from /home/ec2-user/.rvm/rubies/ruby-2.5.3/lib/ruby/2.5.0/mkmf.rb:350:in `block (2 levels) in postpone'
	from /home/ec2-user/.rvm/rubies/ruby-2.5.3/lib/ruby/2.5.0/mkmf.rb:320:in `open'
	from /home/ec2-user/.rvm/rubies/ruby-2.5.3/lib/ruby/2.5.0/mkmf.rb:350:in `block in postpone'
	from /home/ec2-user/.rvm/rubies/ruby-2.5.3/lib/ruby/2.5.0/mkmf.rb:320:in `open'
	from /home/ec2-user/.rvm/rubies/ruby-2.5.3/lib/ruby/2.5.0/mkmf.rb:346:in `postpone'
	from /home/ec2-user/.rvm/rubies/ruby-2.5.3/lib/ruby/2.5.0/mkmf.rb:947:in `checking_for'
	from /home/ec2-user/.rvm/rubies/ruby-2.5.3/lib/ruby/2.5.0/mkmf.rb:982:in `have_macro'
	from extconf.rb:99:in `configure_compile_options'
	from extconf.rb:19:in `initialize'
	from extconf.rb:398:in `new'
	from extconf.rb:398:in `<main>'

To see why this extension failed to compile, please check the mkmf.log which can be found here:

  /home/ec2-user/environment/be-yourself/vender/bundle/ruby/2.5.0/extensions/x86_64-linux/2.5.0/rmagick-4.2.1/mkmf.log

extconf failed, exit code 1
