current directory: /home/ec2-user/environment/be-yourself/vender/bundle/ruby/2.5.0/gems/bootsnap-1.6.0/ext/bootsnap
/home/ec2-user/.rvm/rubies/ruby-2.5.3/bin/ruby -I /home/ec2-user/.rvm/rubies/ruby-2.5.3/lib/ruby/site_ruby/2.5.0 -r ./siteconf20210131-6221-1gynn6u.rb extconf.rb
creating Makefile

current directory: /home/ec2-user/environment/be-yourself/vender/bundle/ruby/2.5.0/gems/bootsnap-1.6.0/ext/bootsnap
make "DESTDIR=" clean

current directory: /home/ec2-user/environment/be-yourself/vender/bundle/ruby/2.5.0/gems/bootsnap-1.6.0/ext/bootsnap
make "DESTDIR="
compiling bootsnap.c
bootsnap.c: In function ‘bs_cache_path’:
bootsnap.c:276:39: warning: format ‘%llx’ expects argument of type ‘long long unsigned int’, but argument 5 has type ‘uint64_t {aka long unsigned int}’ [-Wformat=]
   sprintf(*cache_path, "%s/%02x/%014llx", cachedir, first_byte, remainder);
                                 ~~~~~~^
                                 %014lx
bootsnap.c: In function ‘bs_rb_fetch’:
bootsnap.c:317:3: warning: ISO C90 forbids mixed declarations and code [-Wdeclaration-after-statement]
   char * cachedir = RSTRING_PTR(cachedir_v);
   ^~~~
bootsnap.c: In function ‘bs_rb_precompile’:
bootsnap.c:344:3: warning: ISO C90 forbids mixed declarations and code [-Wdeclaration-after-statement]
   char * cachedir = RSTRING_PTR(cachedir_v);
   ^~~~
bootsnap.c: In function ‘bs_rb_fetch’:
bootsnap.c:694:13: warning: ‘output_data’ may be used uninitialized in this function [-Wmaybe-uninitialized]
     else if (!NIL_P(output_data))             goto succeed; /* fast-path, goal */
             ^
bootsnap.c:665:9: note: ‘output_data’ was declared here
   VALUE output_data;  /* return data, e.g. ruby hash or loaded iseq */
         ^~~~~~~~~~~
bootsnap.c: At top level:
cc1: warning: unrecognized command line option ‘-Wno-self-assign’
cc1: warning: unrecognized command line option ‘-Wno-constant-logical-operand’
cc1: warning: unrecognized command line option ‘-Wno-parentheses-equality’
linking shared-object bootsnap/bootsnap.so

current directory: /home/ec2-user/environment/be-yourself/vender/bundle/ruby/2.5.0/gems/bootsnap-1.6.0/ext/bootsnap
make "DESTDIR=" install
/usr/bin/install -c -m 0755 bootsnap.so ./.gem.20210131-6221-19r0cht/bootsnap
