block in append_cflags: checking for whether -g is accepted as CFLAGS... -------------------- yes

"gcc -o conftest -I/home/ec2-user/.rvm/rubies/ruby-2.5.3/include/ruby-2.5.0/x86_64-linux -I/home/ec2-user/.rvm/rubies/ruby-2.5.3/include/ruby-2.5.0/ruby/backward -I/home/ec2-user/.rvm/rubies/ruby-2.5.3/include/ruby-2.5.0 -I.    -O3 -ggdb3 -Wall -Wextra -Wno-unused-parameter -Wno-parentheses -Wno-long-long -Wno-missing-field-initializers -Wno-tautological-compare -Wno-parentheses-equality -Wno-constant-logical-operand -Wno-self-assign -Wunused-variable -Wimplicit-int -Wpointer-arith -Wwrite-strings -Wdeclaration-after-statement -Wimplicit-function-declaration -Wdeprecated-declarations -Wno-packed-bitfield-compat -Wsuggest-attribute=noreturn -Wsuggest-attribute=format  -fPIC conftest.c  -L. -L/home/ec2-user/.rvm/rubies/ruby-2.5.3/lib -Wl,-rpath,/home/ec2-user/.rvm/rubies/ruby-2.5.3/lib -L. -fstack-protector -rdynamic -Wl,-export-dynamic     -Wl,-rpath,'/../lib' -Wl,-rpath,'/../lib' -lruby  -lpthread -ldl -lcrypt -lm   -lc"
checked program was:
/* begin */
1: #include "ruby.h"
2: 
3: int main(int argc, char **argv)
4: {
5:   return 0;
6: }
/* end */

"gcc -I/home/ec2-user/.rvm/rubies/ruby-2.5.3/include/ruby-2.5.0/x86_64-linux -I/home/ec2-user/.rvm/rubies/ruby-2.5.3/include/ruby-2.5.0/ruby/backward -I/home/ec2-user/.rvm/rubies/ruby-2.5.3/include/ruby-2.5.0 -I.    -O3 -ggdb3 -Wall -Wextra -Wno-unused-parameter -Wno-parentheses -Wno-long-long -Wno-missing-field-initializers -Wno-tautological-compare -Wno-parentheses-equality -Wno-constant-logical-operand -Wno-self-assign -Wunused-variable -Wimplicit-int -Wpointer-arith -Wwrite-strings -Wdeclaration-after-statement -Wimplicit-function-declaration -Wdeprecated-declarations -Wno-packed-bitfield-compat -Wsuggest-attribute=noreturn -Wsuggest-attribute=format  -fPIC  -g -Werror -c conftest.c"
checked program was:
/* begin */
1: #include "ruby.h"
2: 
3: int main(int argc, char **argv)
4: {
5:   return 0;
6: }
/* end */

--------------------

block in append_cflags: checking for whether -Winline is accepted as CFLAGS... -------------------- yes

"gcc -I/home/ec2-user/.rvm/rubies/ruby-2.5.3/include/ruby-2.5.0/x86_64-linux -I/home/ec2-user/.rvm/rubies/ruby-2.5.3/include/ruby-2.5.0/ruby/backward -I/home/ec2-user/.rvm/rubies/ruby-2.5.3/include/ruby-2.5.0 -I.    -O3 -ggdb3 -Wall -Wextra -Wno-unused-parameter -Wno-parentheses -Wno-long-long -Wno-missing-field-initializers -Wno-tautological-compare -Wno-parentheses-equality -Wno-constant-logical-operand -Wno-self-assign -Wunused-variable -Wimplicit-int -Wpointer-arith -Wwrite-strings -Wdeclaration-after-statement -Wimplicit-function-declaration -Wdeprecated-declarations -Wno-packed-bitfield-compat -Wsuggest-attribute=noreturn -Wsuggest-attribute=format  -fPIC -g  -Winline -Werror -c conftest.c"
checked program was:
/* begin */
1: #include "ruby.h"
2: 
3: int main(int argc, char **argv)
4: {
5:   return 0;
6: }
/* end */

--------------------

block in append_cflags: checking for whether -Wmissing-noreturn is accepted as CFLAGS... -------------------- yes

"gcc -I/home/ec2-user/.rvm/rubies/ruby-2.5.3/include/ruby-2.5.0/x86_64-linux -I/home/ec2-user/.rvm/rubies/ruby-2.5.3/include/ruby-2.5.0/ruby/backward -I/home/ec2-user/.rvm/rubies/ruby-2.5.3/include/ruby-2.5.0 -I.    -O3 -ggdb3 -Wall -Wextra -Wno-unused-parameter -Wno-parentheses -Wno-long-long -Wno-missing-field-initializers -Wno-tautological-compare -Wno-parentheses-equality -Wno-constant-logical-operand -Wno-self-assign -Wunused-variable -Wimplicit-int -Wpointer-arith -Wwrite-strings -Wdeclaration-after-statement -Wimplicit-function-declaration -Wdeprecated-declarations -Wno-packed-bitfield-compat -Wsuggest-attribute=noreturn -Wsuggest-attribute=format  -fPIC -g -Winline  -Wmissing-noreturn -Werror -c conftest.c"
checked program was:
/* begin */
1: #include "ruby.h"
2: 
3: int main(int argc, char **argv)
4: {
5:   return 0;
6: }
/* end */

--------------------

have_library: checking for gzdopen() in -lz... -------------------- yes

"gcc -o conftest -I/home/ec2-user/.rvm/rubies/ruby-2.5.3/include/ruby-2.5.0/x86_64-linux -I/home/ec2-user/.rvm/rubies/ruby-2.5.3/include/ruby-2.5.0/ruby/backward -I/home/ec2-user/.rvm/rubies/ruby-2.5.3/include/ruby-2.5.0 -I.    -O3 -ggdb3 -Wall -Wextra -Wno-unused-parameter -Wno-parentheses -Wno-long-long -Wno-missing-field-initializers -Wno-tautological-compare -Wno-parentheses-equality -Wno-constant-logical-operand -Wno-self-assign -Wunused-variable -Wimplicit-int -Wpointer-arith -Wwrite-strings -Wdeclaration-after-statement -Wimplicit-function-declaration -Wdeprecated-declarations -Wno-packed-bitfield-compat -Wsuggest-attribute=noreturn -Wsuggest-attribute=format  -fPIC -g -Winline -Wmissing-noreturn conftest.c  -L. -L/home/ec2-user/.rvm/rubies/ruby-2.5.3/lib -Wl,-rpath,/home/ec2-user/.rvm/rubies/ruby-2.5.3/lib -L. -fstack-protector -rdynamic -Wl,-export-dynamic     -Wl,-rpath,'/../lib' -Wl,-rpath,'/../lib' -lruby -lz  -lpthread -ldl -lcrypt -lm   -lc"
checked program was:
/* begin */
 1: #include "ruby.h"
 2: 
 3: #include <zlib.h>
 4: 
 5: /*top*/
 6: extern int t(void);
 7: int main(int argc, char **argv)
 8: {
 9:   if (argc > 1000000) {
10:     printf("%p", &t);
11:   }
12: 
13:   return 0;
14: }
15: int t(void) { void ((*volatile p)()); p = (void ((*)()))gzdopen; return !p; }
/* end */

--------------------

try_link_iconv: checking for iconv... -------------------- yes

"gcc -o conftest -I/home/ec2-user/.rvm/rubies/ruby-2.5.3/include/ruby-2.5.0/x86_64-linux -I/home/ec2-user/.rvm/rubies/ruby-2.5.3/include/ruby-2.5.0/ruby/backward -I/home/ec2-user/.rvm/rubies/ruby-2.5.3/include/ruby-2.5.0 -I.    -O3 -ggdb3 -Wall -Wextra -Wno-unused-parameter -Wno-parentheses -Wno-long-long -Wno-missing-field-initializers -Wno-tautological-compare -Wno-parentheses-equality -Wno-constant-logical-operand -Wno-self-assign -Wunused-variable -Wimplicit-int -Wpointer-arith -Wwrite-strings -Wdeclaration-after-statement -Wimplicit-function-declaration -Wdeprecated-declarations -Wno-packed-bitfield-compat -Wsuggest-attribute=noreturn -Wsuggest-attribute=format  -fPIC -g -Winline -Wmissing-noreturn conftest.c  -L. -L/home/ec2-user/.rvm/rubies/ruby-2.5.3/lib -Wl,-rpath,/home/ec2-user/.rvm/rubies/ruby-2.5.3/lib -L. -fstack-protector -rdynamic -Wl,-export-dynamic     -Wl,-rpath,'/../lib' -Wl,-rpath,'/../lib' -lruby  -lpthread -ldl -lcrypt -lm   -lc"
checked program was:
/* begin */
 1: #include "ruby.h"
 2: 
 3: #include <stdlib.h>
 4: #include <iconv.h>
 5: int main(void)
 6: {
 7:     iconv_t cd = iconv_open("", "");
 8:     iconv(cd, NULL, NULL, NULL, NULL);
 9:     return EXIT_SUCCESS;
10: }
/* end */

--------------------

block in append_cppflags: checking for whether -DNOKOGIRI_PACKAGED_LIBRARIES is accepted as CPPFLAGS... -------------------- yes

"gcc -E -I/home/ec2-user/.rvm/rubies/ruby-2.5.3/include/ruby-2.5.0/x86_64-linux -I/home/ec2-user/.rvm/rubies/ruby-2.5.3/include/ruby-2.5.0/ruby/backward -I/home/ec2-user/.rvm/rubies/ruby-2.5.3/include/ruby-2.5.0 -I.    -O3 -ggdb3 -Wall -Wextra -Wno-unused-parameter -Wno-parentheses -Wno-long-long -Wno-missing-field-initializers -Wno-tautological-compare -Wno-parentheses-equality -Wno-constant-logical-operand -Wno-self-assign -Wunused-variable -Wimplicit-int -Wpointer-arith -Wwrite-strings -Wdeclaration-after-statement -Wimplicit-function-declaration -Wdeprecated-declarations -Wno-packed-bitfield-compat -Wsuggest-attribute=noreturn -Wsuggest-attribute=format  -fPIC -g -Winline -Wmissing-noreturn -DNOKOGIRI_PACKAGED_LIBRARIES conftest.c -o conftest.i"
checked program was:
/* begin */
1: #include "ruby.h"
2: 
3: int main(int argc, char **argv)
4: {
5:   return 0;
6: }
/* end */

--------------------

block in append_cppflags: checking for whether -DNOKOGIRI_LIBXML2_PATCHES="\"0001-Revert-Do-not-URI-escape-in-server-side-includes.patch 0002-Remove-script-macro-support.patch 0003-Update-entities-to-remove-handling-of-ssi.patch 0004-libxml2.la-is-in-top_builddir.patch 0005-Fix-infinite-loop-in-xmlStringLenDecodeEntities.patch 0006-htmlParseComment-treat-as-if-it-closed-the-comment.patch 0007-use-new-htmlParseLookupCommentEnd-to-find-comment-en.patch 0008-use-glibc-strlen.patch 0009-avoid-isnan-isinf.patch\"" is accepted as CPPFLAGS... -------------------- yes

"gcc -E -I/home/ec2-user/.rvm/rubies/ruby-2.5.3/include/ruby-2.5.0/x86_64-linux -I/home/ec2-user/.rvm/rubies/ruby-2.5.3/include/ruby-2.5.0/ruby/backward -I/home/ec2-user/.rvm/rubies/ruby-2.5.3/include/ruby-2.5.0 -I. -I/home/ec2-user/environment/be-yourself/vender/bundle/ruby/2.5.0/gems/nokogiri-1.11.1/ports/x86_64-pc-linux-gnu/libxml2/2.9.10/include/libxml2    -DNOKOGIRI_PACKAGED_LIBRARIES -O3 -ggdb3 -Wall -Wextra -Wno-unused-parameter -Wno-parentheses -Wno-long-long -Wno-missing-field-initializers -Wno-tautological-compare -Wno-parentheses-equality -Wno-constant-logical-operand -Wno-self-assign -Wunused-variable -Wimplicit-int -Wpointer-arith -Wwrite-strings -Wdeclaration-after-statement -Wimplicit-function-declaration -Wdeprecated-declarations -Wno-packed-bitfield-compat -Wsuggest-attribute=noreturn -Wsuggest-attribute=format  -fPIC -g -Winline -Wmissing-noreturn -DNOKOGIRI_LIBXML2_PATCHES="\"0001-Revert-Do-not-URI-escape-in-server-side-includes.patch 0002-Remove-script-macro-support.patch 0003-Update-entities-to-remove-handling-of-ssi.patch 0004-libxml2.la-is-in-top_builddir.patch 0005-Fix-infinite-loop-in-xmlStringLenDecodeEntities.patch 0006-htmlParseComment-treat-as-if-it-closed-the-comment.patch 0007-use-new-htmlParseLookupCommentEnd-to-find-comment-en.patch 0008-use-glibc-strlen.patch 0009-avoid-isnan-isinf.patch\"" conftest.c -o conftest.i"
checked program was:
/* begin */
1: #include "ruby.h"
2: 
3: int main(int argc, char **argv)
4: {
5:   return 0;
6: }
/* end */

--------------------

have_library: checking for -llzma... -------------------- no

"gcc -o conftest -I/home/ec2-user/.rvm/rubies/ruby-2.5.3/include/ruby-2.5.0/x86_64-linux -I/home/ec2-user/.rvm/rubies/ruby-2.5.3/include/ruby-2.5.0/ruby/backward -I/home/ec2-user/.rvm/rubies/ruby-2.5.3/include/ruby-2.5.0 -I. -I/home/ec2-user/environment/be-yourself/vender/bundle/ruby/2.5.0/gems/nokogiri-1.11.1/ports/x86_64-pc-linux-gnu/libxml2/2.9.10/include/libxml2    -DNOKOGIRI_PACKAGED_LIBRARIES -DNOKOGIRI_LIBXML2_PATCHES="\"0001-Revert-Do-not-URI-escape-in-server-side-includes.patch 0002-Remove-script-macro-support.patch 0003-Update-entities-to-remove-handling-of-ssi.patch 0004-libxml2.la-is-in-top_builddir.patch 0005-Fix-infinite-loop-in-xmlStringLenDecodeEntities.patch 0006-htmlParseComment-treat-as-if-it-closed-the-comment.patch 0007-use-new-htmlParseLookupCommentEnd-to-find-comment-en.patch 0008-use-glibc-strlen.patch 0009-avoid-isnan-isinf.patch\"" -O3 -ggdb3 -Wall -Wextra -Wno-unused-parameter -Wno-parentheses -Wno-long-long -Wno-missing-field-initializers -Wno-tautological-compare -Wno-parentheses-equality -Wno-constant-logical-operand -Wno-self-assign -Wunused-variable -Wimplicit-int -Wpointer-arith -Wwrite-strings -Wdeclaration-after-statement -Wimplicit-function-declaration -Wdeprecated-declarations -Wno-packed-bitfield-compat -Wsuggest-attribute=noreturn -Wsuggest-attribute=format  -fPIC -g -Winline -Wmissing-noreturn conftest.c  -L. -L/home/ec2-user/.rvm/rubies/ruby-2.5.3/lib -Wl,-rpath,/home/ec2-user/.rvm/rubies/ruby-2.5.3/lib -L/home/ec2-user/environment/be-yourself/vender/bundle/ruby/2.5.0/gems/nokogiri-1.11.1/ports/x86_64-pc-linux-gnu/libxml2/2.9.10/lib -Wl,-rpath,/home/ec2-user/environment/be-yourself/vender/bundle/ruby/2.5.0/gems/nokogiri-1.11.1/ports/x86_64-pc-linux-gnu/libxml2/2.9.10/lib -L. -fstack-protector -rdynamic -Wl,-export-dynamic     -Wl,-rpath,'/../lib' -Wl,-rpath,'/../lib' -lruby -llzma  -lpthread -ldl -lcrypt -lm   -lc"
/usr/bin/ld: cannot find -llzma
collect2: error: ld returned 1 exit status
checked program was:
/* begin */
 1: #include "ruby.h"
 2: 
 3: /*top*/
 4: extern int t(void);
 5: int main(int argc, char **argv)
 6: {
 7:   if (argc > 1000000) {
 8:     printf("%p", &t);
 9:   }
10: 
11:   return 0;
12: }
13: 
14: int t(void) { ; return 0; }
/* end */

--------------------

have_library: checking for -lliblzma... -------------------- no

"gcc -o conftest -I/home/ec2-user/.rvm/rubies/ruby-2.5.3/include/ruby-2.5.0/x86_64-linux -I/home/ec2-user/.rvm/rubies/ruby-2.5.3/include/ruby-2.5.0/ruby/backward -I/home/ec2-user/.rvm/rubies/ruby-2.5.3/include/ruby-2.5.0 -I. -I/home/ec2-user/environment/be-yourself/vender/bundle/ruby/2.5.0/gems/nokogiri-1.11.1/ports/x86_64-pc-linux-gnu/libxml2/2.9.10/include/libxml2    -DNOKOGIRI_PACKAGED_LIBRARIES -DNOKOGIRI_LIBXML2_PATCHES="\"0001-Revert-Do-not-URI-escape-in-server-side-includes.patch 0002-Remove-script-macro-support.patch 0003-Update-entities-to-remove-handling-of-ssi.patch 0004-libxml2.la-is-in-top_builddir.patch 0005-Fix-infinite-loop-in-xmlStringLenDecodeEntities.patch 0006-htmlParseComment-treat-as-if-it-closed-the-comment.patch 0007-use-new-htmlParseLookupCommentEnd-to-find-comment-en.patch 0008-use-glibc-strlen.patch 0009-avoid-isnan-isinf.patch\"" -O3 -ggdb3 -Wall -Wextra -Wno-unused-parameter -Wno-parentheses -Wno-long-long -Wno-missing-field-initializers -Wno-tautological-compare -Wno-parentheses-equality -Wno-constant-logical-operand -Wno-self-assign -Wunused-variable -Wimplicit-int -Wpointer-arith -Wwrite-strings -Wdeclaration-after-statement -Wimplicit-function-declaration -Wdeprecated-declarations -Wno-packed-bitfield-compat -Wsuggest-attribute=noreturn -Wsuggest-attribute=format  -fPIC -g -Winline -Wmissing-noreturn conftest.c  -L. -L/home/ec2-user/.rvm/rubies/ruby-2.5.3/lib -Wl,-rpath,/home/ec2-user/.rvm/rubies/ruby-2.5.3/lib -L/home/ec2-user/environment/be-yourself/vender/bundle/ruby/2.5.0/gems/nokogiri-1.11.1/ports/x86_64-pc-linux-gnu/libxml2/2.9.10/lib -Wl,-rpath,/home/ec2-user/environment/be-yourself/vender/bundle/ruby/2.5.0/gems/nokogiri-1.11.1/ports/x86_64-pc-linux-gnu/libxml2/2.9.10/lib -L. -fstack-protector -rdynamic -Wl,-export-dynamic     -Wl,-rpath,'/../lib' -Wl,-rpath,'/../lib' -lruby -lliblzma  -lpthread -ldl -lcrypt -lm   -lc"
/usr/bin/ld: cannot find -lliblzma
collect2: error: ld returned 1 exit status
checked program was:
/* begin */
 1: #include "ruby.h"
 2: 
 3: /*top*/
 4: extern int t(void);
 5: int main(int argc, char **argv)
 6: {
 7:   if (argc > 1000000) {
 8:     printf("%p", &t);
 9:   }
10: 
11:   return 0;
12: }
13: 
14: int t(void) { ; return 0; }
/* end */

--------------------

block in append_cppflags: checking for whether -DNOKOGIRI_LIBXSLT_PATCHES="\"\"" is accepted as CPPFLAGS... -------------------- yes

"gcc -E -I/home/ec2-user/.rvm/rubies/ruby-2.5.3/include/ruby-2.5.0/x86_64-linux -I/home/ec2-user/.rvm/rubies/ruby-2.5.3/include/ruby-2.5.0/ruby/backward -I/home/ec2-user/.rvm/rubies/ruby-2.5.3/include/ruby-2.5.0 -I. -I/home/ec2-user/environment/be-yourself/vender/bundle/ruby/2.5.0/gems/nokogiri-1.11.1/ports/x86_64-pc-linux-gnu/libxml2/2.9.10/include/libxml2 -I/home/ec2-user/environment/be-yourself/vender/bundle/ruby/2.5.0/gems/nokogiri-1.11.1/ports/x86_64-pc-linux-gnu/libxslt/1.1.34/include -I/home/ec2-user/environment/be-yourself/vender/bundle/ruby/2.5.0/gems/nokogiri-1.11.1/ports/x86_64-pc-linux-gnu/libxml2/2.9.10/include/libxml2    -DNOKOGIRI_PACKAGED_LIBRARIES -DNOKOGIRI_LIBXML2_PATCHES="\"0001-Revert-Do-not-URI-escape-in-server-side-includes.patch 0002-Remove-script-macro-support.patch 0003-Update-entities-to-remove-handling-of-ssi.patch 0004-libxml2.la-is-in-top_builddir.patch 0005-Fix-infinite-loop-in-xmlStringLenDecodeEntities.patch 0006-htmlParseComment-treat-as-if-it-closed-the-comment.patch 0007-use-new-htmlParseLookupCommentEnd-to-find-comment-en.patch 0008-use-glibc-strlen.patch 0009-avoid-isnan-isinf.patch\"" -O3 -ggdb3 -Wall -Wextra -Wno-unused-parameter -Wno-parentheses -Wno-long-long -Wno-missing-field-initializers -Wno-tautological-compare -Wno-parentheses-equality -Wno-constant-logical-operand -Wno-self-assign -Wunused-variable -Wimplicit-int -Wpointer-arith -Wwrite-strings -Wdeclaration-after-statement -Wimplicit-function-declaration -Wdeprecated-declarations -Wno-packed-bitfield-compat -Wsuggest-attribute=noreturn -Wsuggest-attribute=format  -fPIC -g -Winline -Wmissing-noreturn -DNOKOGIRI_LIBXSLT_PATCHES="\"\"" conftest.c -o conftest.i"
checked program was:
/* begin */
1: #include "ruby.h"
2: 
3: int main(int argc, char **argv)
4: {
5:   return 0;
6: }
/* end */

--------------------

have_func: checking for xmlParseDoc() in libxml/parser.h... -------------------- yes

"gcc -o conftest -I/home/ec2-user/.rvm/rubies/ruby-2.5.3/include/ruby-2.5.0/x86_64-linux -I/home/ec2-user/.rvm/rubies/ruby-2.5.3/include/ruby-2.5.0/ruby/backward -I/home/ec2-user/.rvm/rubies/ruby-2.5.3/include/ruby-2.5.0 -I. -I/home/ec2-user/environment/be-yourself/vender/bundle/ruby/2.5.0/gems/nokogiri-1.11.1/ports/x86_64-pc-linux-gnu/libxml2/2.9.10/include/libxml2 -I/home/ec2-user/environment/be-yourself/vender/bundle/ruby/2.5.0/gems/nokogiri-1.11.1/ports/x86_64-pc-linux-gnu/libxslt/1.1.34/include -I/home/ec2-user/environment/be-yourself/vender/bundle/ruby/2.5.0/gems/nokogiri-1.11.1/ports/x86_64-pc-linux-gnu/libxml2/2.9.10/include/libxml2    -DNOKOGIRI_PACKAGED_LIBRARIES -DNOKOGIRI_LIBXML2_PATCHES="\"0001-Revert-Do-not-URI-escape-in-server-side-includes.patch 0002-Remove-script-macro-support.patch 0003-Update-entities-to-remove-handling-of-ssi.patch 0004-libxml2.la-is-in-top_builddir.patch 0005-Fix-infinite-loop-in-xmlStringLenDecodeEntities.patch 0006-htmlParseComment-treat-as-if-it-closed-the-comment.patch 0007-use-new-htmlParseLookupCommentEnd-to-find-comment-en.patch 0008-use-glibc-strlen.patch 0009-avoid-isnan-isinf.patch\"" -DNOKOGIRI_LIBXSLT_PATCHES="\"\"" -O3 -ggdb3 -Wall -Wextra -Wno-unused-parameter -Wno-parentheses -Wno-long-long -Wno-missing-field-initializers -Wno-tautological-compare -Wno-parentheses-equality -Wno-constant-logical-operand -Wno-self-assign -Wunused-variable -Wimplicit-int -Wpointer-arith -Wwrite-strings -Wdeclaration-after-statement -Wimplicit-function-declaration -Wdeprecated-declarations -Wno-packed-bitfield-compat -Wsuggest-attribute=noreturn -Wsuggest-attribute=format  -fPIC -g -Winline -Wmissing-noreturn conftest.c  -L. -L/home/ec2-user/.rvm/rubies/ruby-2.5.3/lib -Wl,-rpath,/home/ec2-user/.rvm/rubies/ruby-2.5.3/lib -L/home/ec2-user/environment/be-yourself/vender/bundle/ruby/2.5.0/gems/nokogiri-1.11.1/ports/x86_64-pc-linux-gnu/libxml2/2.9.10/lib -Wl,-rpath,/home/ec2-user/environment/be-yourself/vender/bundle/ruby/2.5.0/gems/nokogiri-1.11.1/ports/x86_64-pc-linux-gnu/libxml2/2.9.10/lib -L/home/ec2-user/environment/be-yourself/vender/bundle/ruby/2.5.0/gems/nokogiri-1.11.1/ports/x86_64-pc-linux-gnu/libxslt/1.1.34/lib -Wl,-rpath,/home/ec2-user/environment/be-yourself/vender/bundle/ruby/2.5.0/gems/nokogiri-1.11.1/ports/x86_64-pc-linux-gnu/libxslt/1.1.34/lib -L. -fstack-protector -rdynamic -Wl,-export-dynamic    /home/ec2-user/environment/be-yourself/vender/bundle/ruby/2.5.0/gems/nokogiri-1.11.1/ports/x86_64-pc-linux-gnu/libxslt/1.1.34/lib/libexslt.a -lm -ldl -lz /home/ec2-user/environment/be-yourself/vender/bundle/ruby/2.5.0/gems/nokogiri-1.11.1/ports/x86_64-pc-linux-gnu/libxml2/2.9.10/lib/libxml2.a /home/ec2-user/environment/be-yourself/vender/bundle/ruby/2.5.0/gems/nokogiri-1.11.1/ports/x86_64-pc-linux-gnu/libxslt/1.1.34/lib/libxslt.a -ldl -lm -lz /home/ec2-user/environment/be-yourself/vender/bundle/ruby/2.5.0/gems/nokogiri-1.11.1/ports/x86_64-pc-linux-gnu/libxml2/2.9.10/lib/libxml2.a -Wl,-rpath,'/../lib' -Wl,-rpath,'/../lib' -lruby /home/ec2-user/environment/be-yourself/vender/bundle/ruby/2.5.0/gems/nokogiri-1.11.1/ports/x86_64-pc-linux-gnu/libxslt/1.1.34/lib/libexslt.a -lm -ldl -lz /home/ec2-user/environment/be-yourself/vender/bundle/ruby/2.5.0/gems/nokogiri-1.11.1/ports/x86_64-pc-linux-gnu/libxml2/2.9.10/lib/libxml2.a /home/ec2-user/environment/be-yourself/vender/bundle/ruby/2.5.0/gems/nokogiri-1.11.1/ports/x86_64-pc-linux-gnu/libxslt/1.1.34/lib/libxslt.a -ldl -lm -lz /home/ec2-user/environment/be-yourself/vender/bundle/ruby/2.5.0/gems/nokogiri-1.11.1/ports/x86_64-pc-linux-gnu/libxml2/2.9.10/lib/libxml2.a -lpthread -ldl -lcrypt -lm   -lc"
checked program was:
/* begin */
 1: #include "ruby.h"
 2: 
 3: #include <libxml/parser.h>
 4: 
 5: /*top*/
 6: extern int t(void);
 7: int main(int argc, char **argv)
 8: {
 9:   if (argc > 1000000) {
10:     printf("%p", &t);
11:   }
12: 
13:   return 0;
14: }
15: int t(void) { void ((*volatile p)()); p = (void ((*)()))xmlParseDoc; return !p; }
/* end */

--------------------

have_func: checking for xsltParseStylesheetDoc() in libxslt/xslt.h... -------------------- yes

"gcc -o conftest -I/home/ec2-user/.rvm/rubies/ruby-2.5.3/include/ruby-2.5.0/x86_64-linux -I/home/ec2-user/.rvm/rubies/ruby-2.5.3/include/ruby-2.5.0/ruby/backward -I/home/ec2-user/.rvm/rubies/ruby-2.5.3/include/ruby-2.5.0 -I. -I/home/ec2-user/environment/be-yourself/vender/bundle/ruby/2.5.0/gems/nokogiri-1.11.1/ports/x86_64-pc-linux-gnu/libxml2/2.9.10/include/libxml2 -I/home/ec2-user/environment/be-yourself/vender/bundle/ruby/2.5.0/gems/nokogiri-1.11.1/ports/x86_64-pc-linux-gnu/libxslt/1.1.34/include -I/home/ec2-user/environment/be-yourself/vender/bundle/ruby/2.5.0/gems/nokogiri-1.11.1/ports/x86_64-pc-linux-gnu/libxml2/2.9.10/include/libxml2    -DNOKOGIRI_PACKAGED_LIBRARIES -DNOKOGIRI_LIBXML2_PATCHES="\"0001-Revert-Do-not-URI-escape-in-server-side-includes.patch 0002-Remove-script-macro-support.patch 0003-Update-entities-to-remove-handling-of-ssi.patch 0004-libxml2.la-is-in-top_builddir.patch 0005-Fix-infinite-loop-in-xmlStringLenDecodeEntities.patch 0006-htmlParseComment-treat-as-if-it-closed-the-comment.patch 0007-use-new-htmlParseLookupCommentEnd-to-find-comment-en.patch 0008-use-glibc-strlen.patch 0009-avoid-isnan-isinf.patch\"" -DNOKOGIRI_LIBXSLT_PATCHES="\"\"" -O3 -ggdb3 -Wall -Wextra -Wno-unused-parameter -Wno-parentheses -Wno-long-long -Wno-missing-field-initializers -Wno-tautological-compare -Wno-parentheses-equality -Wno-constant-logical-operand -Wno-self-assign -Wunused-variable -Wimplicit-int -Wpointer-arith -Wwrite-strings -Wdeclaration-after-statement -Wimplicit-function-declaration -Wdeprecated-declarations -Wno-packed-bitfield-compat -Wsuggest-attribute=noreturn -Wsuggest-attribute=format  -fPIC -g -Winline -Wmissing-noreturn conftest.c  -L. -L/home/ec2-user/.rvm/rubies/ruby-2.5.3/lib -Wl,-rpath,/home/ec2-user/.rvm/rubies/ruby-2.5.3/lib -L/home/ec2-user/environment/be-yourself/vender/bundle/ruby/2.5.0/gems/nokogiri-1.11.1/ports/x86_64-pc-linux-gnu/libxml2/2.9.10/lib -Wl,-rpath,/home/ec2-user/environment/be-yourself/vender/bundle/ruby/2.5.0/gems/nokogiri-1.11.1/ports/x86_64-pc-linux-gnu/libxml2/2.9.10/lib -L/home/ec2-user/environment/be-yourself/vender/bundle/ruby/2.5.0/gems/nokogiri-1.11.1/ports/x86_64-pc-linux-gnu/libxslt/1.1.34/lib -Wl,-rpath,/home/ec2-user/environment/be-yourself/vender/bundle/ruby/2.5.0/gems/nokogiri-1.11.1/ports/x86_64-pc-linux-gnu/libxslt/1.1.34/lib -L. -fstack-protector -rdynamic -Wl,-export-dynamic    /home/ec2-user/environment/be-yourself/vender/bundle/ruby/2.5.0/gems/nokogiri-1.11.1/ports/x86_64-pc-linux-gnu/libxslt/1.1.34/lib/libexslt.a -lm -ldl -lz /home/ec2-user/environment/be-yourself/vender/bundle/ruby/2.5.0/gems/nokogiri-1.11.1/ports/x86_64-pc-linux-gnu/libxml2/2.9.10/lib/libxml2.a /home/ec2-user/environment/be-yourself/vender/bundle/ruby/2.5.0/gems/nokogiri-1.11.1/ports/x86_64-pc-linux-gnu/libxslt/1.1.34/lib/libxslt.a -ldl -lm -lz /home/ec2-user/environment/be-yourself/vender/bundle/ruby/2.5.0/gems/nokogiri-1.11.1/ports/x86_64-pc-linux-gnu/libxml2/2.9.10/lib/libxml2.a -Wl,-rpath,'/../lib' -Wl,-rpath,'/../lib' -lruby /home/ec2-user/environment/be-yourself/vender/bundle/ruby/2.5.0/gems/nokogiri-1.11.1/ports/x86_64-pc-linux-gnu/libxslt/1.1.34/lib/libexslt.a -lm -ldl -lz /home/ec2-user/environment/be-yourself/vender/bundle/ruby/2.5.0/gems/nokogiri-1.11.1/ports/x86_64-pc-linux-gnu/libxml2/2.9.10/lib/libxml2.a /home/ec2-user/environment/be-yourself/vender/bundle/ruby/2.5.0/gems/nokogiri-1.11.1/ports/x86_64-pc-linux-gnu/libxslt/1.1.34/lib/libxslt.a -ldl -lm -lz /home/ec2-user/environment/be-yourself/vender/bundle/ruby/2.5.0/gems/nokogiri-1.11.1/ports/x86_64-pc-linux-gnu/libxml2/2.9.10/lib/libxml2.a -lpthread -ldl -lcrypt -lm   -lc"
conftest.c: In function ‘t’:
conftest.c:15:57: error: ‘xsltParseStylesheetDoc’ undeclared (first use in this function)
 int t(void) { void ((*volatile p)()); p = (void ((*)()))xsltParseStylesheetDoc; return !p; }
                                                         ^~~~~~~~~~~~~~~~~~~~~~
conftest.c:15:57: note: each undeclared identifier is reported only once for each function it appears in
conftest.c: At top level:
cc1: warning: unrecognized command line option ‘-Wno-self-assign’
cc1: warning: unrecognized command line option ‘-Wno-constant-logical-operand’
cc1: warning: unrecognized command line option ‘-Wno-parentheses-equality’
checked program was:
/* begin */
 1: #include "ruby.h"
 2: 
 3: #include <libxslt/xslt.h>
 4: 
 5: /*top*/
 6: extern int t(void);
 7: int main(int argc, char **argv)
 8: {
 9:   if (argc > 1000000) {
10:     printf("%p", &t);
11:   }
12: 
13:   return 0;
14: }
15: int t(void) { void ((*volatile p)()); p = (void ((*)()))xsltParseStylesheetDoc; return !p; }
/* end */

"gcc -o conftest -I/home/ec2-user/.rvm/rubies/ruby-2.5.3/include/ruby-2.5.0/x86_64-linux -I/home/ec2-user/.rvm/rubies/ruby-2.5.3/include/ruby-2.5.0/ruby/backward -I/home/ec2-user/.rvm/rubies/ruby-2.5.3/include/ruby-2.5.0 -I. -I/home/ec2-user/environment/be-yourself/vender/bundle/ruby/2.5.0/gems/nokogiri-1.11.1/ports/x86_64-pc-linux-gnu/libxml2/2.9.10/include/libxml2 -I/home/ec2-user/environment/be-yourself/vender/bundle/ruby/2.5.0/gems/nokogiri-1.11.1/ports/x86_64-pc-linux-gnu/libxslt/1.1.34/include -I/home/ec2-user/environment/be-yourself/vender/bundle/ruby/2.5.0/gems/nokogiri-1.11.1/ports/x86_64-pc-linux-gnu/libxml2/2.9.10/include/libxml2    -DNOKOGIRI_PACKAGED_LIBRARIES -DNOKOGIRI_LIBXML2_PATCHES="\"0001-Revert-Do-not-URI-escape-in-server-side-includes.patch 0002-Remove-script-macro-support.patch 0003-Update-entities-to-remove-handling-of-ssi.patch 0004-libxml2.la-is-in-top_builddir.patch 0005-Fix-infinite-loop-in-xmlStringLenDecodeEntities.patch 0006-htmlParseComment-treat-as-if-it-closed-the-comment.patch 0007-use-new-htmlParseLookupCommentEnd-to-find-comment-en.patch 0008-use-glibc-strlen.patch 0009-avoid-isnan-isinf.patch\"" -DNOKOGIRI_LIBXSLT_PATCHES="\"\"" -O3 -ggdb3 -Wall -Wextra -Wno-unused-parameter -Wno-parentheses -Wno-long-long -Wno-missing-field-initializers -Wno-tautological-compare -Wno-parentheses-equality -Wno-constant-logical-operand -Wno-self-assign -Wunused-variable -Wimplicit-int -Wpointer-arith -Wwrite-strings -Wdeclaration-after-statement -Wimplicit-function-declaration -Wdeprecated-declarations -Wno-packed-bitfield-compat -Wsuggest-attribute=noreturn -Wsuggest-attribute=format  -fPIC -g -Winline -Wmissing-noreturn conftest.c  -L. -L/home/ec2-user/.rvm/rubies/ruby-2.5.3/lib -Wl,-rpath,/home/ec2-user/.rvm/rubies/ruby-2.5.3/lib -L/home/ec2-user/environment/be-yourself/vender/bundle/ruby/2.5.0/gems/nokogiri-1.11.1/ports/x86_64-pc-linux-gnu/libxml2/2.9.10/lib -Wl,-rpath,/home/ec2-user/environment/be-yourself/vender/bundle/ruby/2.5.0/gems/nokogiri-1.11.1/ports/x86_64-pc-linux-gnu/libxml2/2.9.10/lib -L/home/ec2-user/environment/be-yourself/vender/bundle/ruby/2.5.0/gems/nokogiri-1.11.1/ports/x86_64-pc-linux-gnu/libxslt/1.1.34/lib -Wl,-rpath,/home/ec2-user/environment/be-yourself/vender/bundle/ruby/2.5.0/gems/nokogiri-1.11.1/ports/x86_64-pc-linux-gnu/libxslt/1.1.34/lib -L. -fstack-protector -rdynamic -Wl,-export-dynamic    /home/ec2-user/environment/be-yourself/vender/bundle/ruby/2.5.0/gems/nokogiri-1.11.1/ports/x86_64-pc-linux-gnu/libxslt/1.1.34/lib/libexslt.a -lm -ldl -lz /home/ec2-user/environment/be-yourself/vender/bundle/ruby/2.5.0/gems/nokogiri-1.11.1/ports/x86_64-pc-linux-gnu/libxml2/2.9.10/lib/libxml2.a /home/ec2-user/environment/be-yourself/vender/bundle/ruby/2.5.0/gems/nokogiri-1.11.1/ports/x86_64-pc-linux-gnu/libxslt/1.1.34/lib/libxslt.a -ldl -lm -lz /home/ec2-user/environment/be-yourself/vender/bundle/ruby/2.5.0/gems/nokogiri-1.11.1/ports/x86_64-pc-linux-gnu/libxml2/2.9.10/lib/libxml2.a -Wl,-rpath,'/../lib' -Wl,-rpath,'/../lib' -lruby /home/ec2-user/environment/be-yourself/vender/bundle/ruby/2.5.0/gems/nokogiri-1.11.1/ports/x86_64-pc-linux-gnu/libxslt/1.1.34/lib/libexslt.a -lm -ldl -lz /home/ec2-user/environment/be-yourself/vender/bundle/ruby/2.5.0/gems/nokogiri-1.11.1/ports/x86_64-pc-linux-gnu/libxml2/2.9.10/lib/libxml2.a /home/ec2-user/environment/be-yourself/vender/bundle/ruby/2.5.0/gems/nokogiri-1.11.1/ports/x86_64-pc-linux-gnu/libxslt/1.1.34/lib/libxslt.a -ldl -lm -lz /home/ec2-user/environment/be-yourself/vender/bundle/ruby/2.5.0/gems/nokogiri-1.11.1/ports/x86_64-pc-linux-gnu/libxml2/2.9.10/lib/libxml2.a -lpthread -ldl -lcrypt -lm   -lc"
checked program was:
/* begin */
 1: #include "ruby.h"
 2: 
 3: #include <libxslt/xslt.h>
 4: 
 5: /*top*/
 6: extern int t(void);
 7: int main(int argc, char **argv)
 8: {
 9:   if (argc > 1000000) {
10:     printf("%p", &t);
11:   }
12: 
13:   return 0;
14: }
15: extern void xsltParseStylesheetDoc();
16: int t(void) { xsltParseStylesheetDoc(); return 0; }
/* end */

--------------------

have_func: checking for exsltFuncRegister() in libexslt/exslt.h... -------------------- yes

"gcc -o conftest -I/home/ec2-user/.rvm/rubies/ruby-2.5.3/include/ruby-2.5.0/x86_64-linux -I/home/ec2-user/.rvm/rubies/ruby-2.5.3/include/ruby-2.5.0/ruby/backward -I/home/ec2-user/.rvm/rubies/ruby-2.5.3/include/ruby-2.5.0 -I. -I/home/ec2-user/environment/be-yourself/vender/bundle/ruby/2.5.0/gems/nokogiri-1.11.1/ports/x86_64-pc-linux-gnu/libxml2/2.9.10/include/libxml2 -I/home/ec2-user/environment/be-yourself/vender/bundle/ruby/2.5.0/gems/nokogiri-1.11.1/ports/x86_64-pc-linux-gnu/libxslt/1.1.34/include -I/home/ec2-user/environment/be-yourself/vender/bundle/ruby/2.5.0/gems/nokogiri-1.11.1/ports/x86_64-pc-linux-gnu/libxml2/2.9.10/include/libxml2    -DNOKOGIRI_PACKAGED_LIBRARIES -DNOKOGIRI_LIBXML2_PATCHES="\"0001-Revert-Do-not-URI-escape-in-server-side-includes.patch 0002-Remove-script-macro-support.patch 0003-Update-entities-to-remove-handling-of-ssi.patch 0004-libxml2.la-is-in-top_builddir.patch 0005-Fix-infinite-loop-in-xmlStringLenDecodeEntities.patch 0006-htmlParseComment-treat-as-if-it-closed-the-comment.patch 0007-use-new-htmlParseLookupCommentEnd-to-find-comment-en.patch 0008-use-glibc-strlen.patch 0009-avoid-isnan-isinf.patch\"" -DNOKOGIRI_LIBXSLT_PATCHES="\"\"" -O3 -ggdb3 -Wall -Wextra -Wno-unused-parameter -Wno-parentheses -Wno-long-long -Wno-missing-field-initializers -Wno-tautological-compare -Wno-parentheses-equality -Wno-constant-logical-operand -Wno-self-assign -Wunused-variable -Wimplicit-int -Wpointer-arith -Wwrite-strings -Wdeclaration-after-statement -Wimplicit-function-declaration -Wdeprecated-declarations -Wno-packed-bitfield-compat -Wsuggest-attribute=noreturn -Wsuggest-attribute=format  -fPIC -g -Winline -Wmissing-noreturn conftest.c  -L. -L/home/ec2-user/.rvm/rubies/ruby-2.5.3/lib -Wl,-rpath,/home/ec2-user/.rvm/rubies/ruby-2.5.3/lib -L/home/ec2-user/environment/be-yourself/vender/bundle/ruby/2.5.0/gems/nokogiri-1.11.1/ports/x86_64-pc-linux-gnu/libxml2/2.9.10/lib -Wl,-rpath,/home/ec2-user/environment/be-yourself/vender/bundle/ruby/2.5.0/gems/nokogiri-1.11.1/ports/x86_64-pc-linux-gnu/libxml2/2.9.10/lib -L/home/ec2-user/environment/be-yourself/vender/bundle/ruby/2.5.0/gems/nokogiri-1.11.1/ports/x86_64-pc-linux-gnu/libxslt/1.1.34/lib -Wl,-rpath,/home/ec2-user/environment/be-yourself/vender/bundle/ruby/2.5.0/gems/nokogiri-1.11.1/ports/x86_64-pc-linux-gnu/libxslt/1.1.34/lib -L. -fstack-protector -rdynamic -Wl,-export-dynamic    /home/ec2-user/environment/be-yourself/vender/bundle/ruby/2.5.0/gems/nokogiri-1.11.1/ports/x86_64-pc-linux-gnu/libxslt/1.1.34/lib/libexslt.a -lm -ldl -lz /home/ec2-user/environment/be-yourself/vender/bundle/ruby/2.5.0/gems/nokogiri-1.11.1/ports/x86_64-pc-linux-gnu/libxml2/2.9.10/lib/libxml2.a /home/ec2-user/environment/be-yourself/vender/bundle/ruby/2.5.0/gems/nokogiri-1.11.1/ports/x86_64-pc-linux-gnu/libxslt/1.1.34/lib/libxslt.a -ldl -lm -lz /home/ec2-user/environment/be-yourself/vender/bundle/ruby/2.5.0/gems/nokogiri-1.11.1/ports/x86_64-pc-linux-gnu/libxml2/2.9.10/lib/libxml2.a -Wl,-rpath,'/../lib' -Wl,-rpath,'/../lib' -lruby /home/ec2-user/environment/be-yourself/vender/bundle/ruby/2.5.0/gems/nokogiri-1.11.1/ports/x86_64-pc-linux-gnu/libxslt/1.1.34/lib/libexslt.a -lm -ldl -lz /home/ec2-user/environment/be-yourself/vender/bundle/ruby/2.5.0/gems/nokogiri-1.11.1/ports/x86_64-pc-linux-gnu/libxml2/2.9.10/lib/libxml2.a /home/ec2-user/environment/be-yourself/vender/bundle/ruby/2.5.0/gems/nokogiri-1.11.1/ports/x86_64-pc-linux-gnu/libxslt/1.1.34/lib/libxslt.a -ldl -lm -lz /home/ec2-user/environment/be-yourself/vender/bundle/ruby/2.5.0/gems/nokogiri-1.11.1/ports/x86_64-pc-linux-gnu/libxml2/2.9.10/lib/libxml2.a -lpthread -ldl -lcrypt -lm   -lc"
checked program was:
/* begin */
 1: #include "ruby.h"
 2: 
 3: #include <libexslt/exslt.h>
 4: 
 5: /*top*/
 6: extern int t(void);
 7: int main(int argc, char **argv)
 8: {
 9:   if (argc > 1000000) {
10:     printf("%p", &t);
11:   }
12: 
13:   return 0;
14: }
15: int t(void) { void ((*volatile p)()); p = (void ((*)()))exsltFuncRegister; return !p; }
/* end */

--------------------

have_func: checking for xmlHasFeature()... -------------------- yes

"gcc -o conftest -I/home/ec2-user/.rvm/rubies/ruby-2.5.3/include/ruby-2.5.0/x86_64-linux -I/home/ec2-user/.rvm/rubies/ruby-2.5.3/include/ruby-2.5.0/ruby/backward -I/home/ec2-user/.rvm/rubies/ruby-2.5.3/include/ruby-2.5.0 -I. -I/home/ec2-user/environment/be-yourself/vender/bundle/ruby/2.5.0/gems/nokogiri-1.11.1/ports/x86_64-pc-linux-gnu/libxml2/2.9.10/include/libxml2 -I/home/ec2-user/environment/be-yourself/vender/bundle/ruby/2.5.0/gems/nokogiri-1.11.1/ports/x86_64-pc-linux-gnu/libxslt/1.1.34/include -I/home/ec2-user/environment/be-yourself/vender/bundle/ruby/2.5.0/gems/nokogiri-1.11.1/ports/x86_64-pc-linux-gnu/libxml2/2.9.10/include/libxml2    -DNOKOGIRI_PACKAGED_LIBRARIES -DNOKOGIRI_LIBXML2_PATCHES="\"0001-Revert-Do-not-URI-escape-in-server-side-includes.patch 0002-Remove-script-macro-support.patch 0003-Update-entities-to-remove-handling-of-ssi.patch 0004-libxml2.la-is-in-top_builddir.patch 0005-Fix-infinite-loop-in-xmlStringLenDecodeEntities.patch 0006-htmlParseComment-treat-as-if-it-closed-the-comment.patch 0007-use-new-htmlParseLookupCommentEnd-to-find-comment-en.patch 0008-use-glibc-strlen.patch 0009-avoid-isnan-isinf.patch\"" -DNOKOGIRI_LIBXSLT_PATCHES="\"\"" -O3 -ggdb3 -Wall -Wextra -Wno-unused-parameter -Wno-parentheses -Wno-long-long -Wno-missing-field-initializers -Wno-tautological-compare -Wno-parentheses-equality -Wno-constant-logical-operand -Wno-self-assign -Wunused-variable -Wimplicit-int -Wpointer-arith -Wwrite-strings -Wdeclaration-after-statement -Wimplicit-function-declaration -Wdeprecated-declarations -Wno-packed-bitfield-compat -Wsuggest-attribute=noreturn -Wsuggest-attribute=format  -fPIC -g -Winline -Wmissing-noreturn conftest.c  -L. -L/home/ec2-user/.rvm/rubies/ruby-2.5.3/lib -Wl,-rpath,/home/ec2-user/.rvm/rubies/ruby-2.5.3/lib -L/home/ec2-user/environment/be-yourself/vender/bundle/ruby/2.5.0/gems/nokogiri-1.11.1/ports/x86_64-pc-linux-gnu/libxml2/2.9.10/lib -Wl,-rpath,/home/ec2-user/environment/be-yourself/vender/bundle/ruby/2.5.0/gems/nokogiri-1.11.1/ports/x86_64-pc-linux-gnu/libxml2/2.9.10/lib -L/home/ec2-user/environment/be-yourself/vender/bundle/ruby/2.5.0/gems/nokogiri-1.11.1/ports/x86_64-pc-linux-gnu/libxslt/1.1.34/lib -Wl,-rpath,/home/ec2-user/environment/be-yourself/vender/bundle/ruby/2.5.0/gems/nokogiri-1.11.1/ports/x86_64-pc-linux-gnu/libxslt/1.1.34/lib -L. -fstack-protector -rdynamic -Wl,-export-dynamic    /home/ec2-user/environment/be-yourself/vender/bundle/ruby/2.5.0/gems/nokogiri-1.11.1/ports/x86_64-pc-linux-gnu/libxslt/1.1.34/lib/libexslt.a -lm -ldl -lz /home/ec2-user/environment/be-yourself/vender/bundle/ruby/2.5.0/gems/nokogiri-1.11.1/ports/x86_64-pc-linux-gnu/libxml2/2.9.10/lib/libxml2.a /home/ec2-user/environment/be-yourself/vender/bundle/ruby/2.5.0/gems/nokogiri-1.11.1/ports/x86_64-pc-linux-gnu/libxslt/1.1.34/lib/libxslt.a -ldl -lm -lz /home/ec2-user/environment/be-yourself/vender/bundle/ruby/2.5.0/gems/nokogiri-1.11.1/ports/x86_64-pc-linux-gnu/libxml2/2.9.10/lib/libxml2.a -Wl,-rpath,'/../lib' -Wl,-rpath,'/../lib' -lruby /home/ec2-user/environment/be-yourself/vender/bundle/ruby/2.5.0/gems/nokogiri-1.11.1/ports/x86_64-pc-linux-gnu/libxslt/1.1.34/lib/libexslt.a -lm -ldl -lz /home/ec2-user/environment/be-yourself/vender/bundle/ruby/2.5.0/gems/nokogiri-1.11.1/ports/x86_64-pc-linux-gnu/libxml2/2.9.10/lib/libxml2.a /home/ec2-user/environment/be-yourself/vender/bundle/ruby/2.5.0/gems/nokogiri-1.11.1/ports/x86_64-pc-linux-gnu/libxslt/1.1.34/lib/libxslt.a -ldl -lm -lz /home/ec2-user/environment/be-yourself/vender/bundle/ruby/2.5.0/gems/nokogiri-1.11.1/ports/x86_64-pc-linux-gnu/libxml2/2.9.10/lib/libxml2.a -lpthread -ldl -lcrypt -lm   -lc"
conftest.c: In function ‘t’:
conftest.c:13:57: error: ‘xmlHasFeature’ undeclared (first use in this function)
 int t(void) { void ((*volatile p)()); p = (void ((*)()))xmlHasFeature; return !p; }
                                                         ^~~~~~~~~~~~~
conftest.c:13:57: note: each undeclared identifier is reported only once for each function it appears in
conftest.c: At top level:
cc1: warning: unrecognized command line option ‘-Wno-self-assign’
cc1: warning: unrecognized command line option ‘-Wno-constant-logical-operand’
cc1: warning: unrecognized command line option ‘-Wno-parentheses-equality’
checked program was:
/* begin */
 1: #include "ruby.h"
 2: 
 3: /*top*/
 4: extern int t(void);
 5: int main(int argc, char **argv)
 6: {
 7:   if (argc > 1000000) {
 8:     printf("%p", &t);
 9:   }
10: 
11:   return 0;
12: }
13: int t(void) { void ((*volatile p)()); p = (void ((*)()))xmlHasFeature; return !p; }
/* end */

"gcc -o conftest -I/home/ec2-user/.rvm/rubies/ruby-2.5.3/include/ruby-2.5.0/x86_64-linux -I/home/ec2-user/.rvm/rubies/ruby-2.5.3/include/ruby-2.5.0/ruby/backward -I/home/ec2-user/.rvm/rubies/ruby-2.5.3/include/ruby-2.5.0 -I. -I/home/ec2-user/environment/be-yourself/vender/bundle/ruby/2.5.0/gems/nokogiri-1.11.1/ports/x86_64-pc-linux-gnu/libxml2/2.9.10/include/libxml2 -I/home/ec2-user/environment/be-yourself/vender/bundle/ruby/2.5.0/gems/nokogiri-1.11.1/ports/x86_64-pc-linux-gnu/libxslt/1.1.34/include -I/home/ec2-user/environment/be-yourself/vender/bundle/ruby/2.5.0/gems/nokogiri-1.11.1/ports/x86_64-pc-linux-gnu/libxml2/2.9.10/include/libxml2    -DNOKOGIRI_PACKAGED_LIBRARIES -DNOKOGIRI_LIBXML2_PATCHES="\"0001-Revert-Do-not-URI-escape-in-server-side-includes.patch 0002-Remove-script-macro-support.patch 0003-Update-entities-to-remove-handling-of-ssi.patch 0004-libxml2.la-is-in-top_builddir.patch 0005-Fix-infinite-loop-in-xmlStringLenDecodeEntities.patch 0006-htmlParseComment-treat-as-if-it-closed-the-comment.patch 0007-use-new-htmlParseLookupCommentEnd-to-find-comment-en.patch 0008-use-glibc-strlen.patch 0009-avoid-isnan-isinf.patch\"" -DNOKOGIRI_LIBXSLT_PATCHES="\"\"" -O3 -ggdb3 -Wall -Wextra -Wno-unused-parameter -Wno-parentheses -Wno-long-long -Wno-missing-field-initializers -Wno-tautological-compare -Wno-parentheses-equality -Wno-constant-logical-operand -Wno-self-assign -Wunused-variable -Wimplicit-int -Wpointer-arith -Wwrite-strings -Wdeclaration-after-statement -Wimplicit-function-declaration -Wdeprecated-declarations -Wno-packed-bitfield-compat -Wsuggest-attribute=noreturn -Wsuggest-attribute=format  -fPIC -g -Winline -Wmissing-noreturn conftest.c  -L. -L/home/ec2-user/.rvm/rubies/ruby-2.5.3/lib -Wl,-rpath,/home/ec2-user/.rvm/rubies/ruby-2.5.3/lib -L/home/ec2-user/environment/be-yourself/vender/bundle/ruby/2.5.0/gems/nokogiri-1.11.1/ports/x86_64-pc-linux-gnu/libxml2/2.9.10/lib -Wl,-rpath,/home/ec2-user/environment/be-yourself/vender/bundle/ruby/2.5.0/gems/nokogiri-1.11.1/ports/x86_64-pc-linux-gnu/libxml2/2.9.10/lib -L/home/ec2-user/environment/be-yourself/vender/bundle/ruby/2.5.0/gems/nokogiri-1.11.1/ports/x86_64-pc-linux-gnu/libxslt/1.1.34/lib -Wl,-rpath,/home/ec2-user/environment/be-yourself/vender/bundle/ruby/2.5.0/gems/nokogiri-1.11.1/ports/x86_64-pc-linux-gnu/libxslt/1.1.34/lib -L. -fstack-protector -rdynamic -Wl,-export-dynamic    /home/ec2-user/environment/be-yourself/vender/bundle/ruby/2.5.0/gems/nokogiri-1.11.1/ports/x86_64-pc-linux-gnu/libxslt/1.1.34/lib/libexslt.a -lm -ldl -lz /home/ec2-user/environment/be-yourself/vender/bundle/ruby/2.5.0/gems/nokogiri-1.11.1/ports/x86_64-pc-linux-gnu/libxml2/2.9.10/lib/libxml2.a /home/ec2-user/environment/be-yourself/vender/bundle/ruby/2.5.0/gems/nokogiri-1.11.1/ports/x86_64-pc-linux-gnu/libxslt/1.1.34/lib/libxslt.a -ldl -lm -lz /home/ec2-user/environment/be-yourself/vender/bundle/ruby/2.5.0/gems/nokogiri-1.11.1/ports/x86_64-pc-linux-gnu/libxml2/2.9.10/lib/libxml2.a -Wl,-rpath,'/../lib' -Wl,-rpath,'/../lib' -lruby /home/ec2-user/environment/be-yourself/vender/bundle/ruby/2.5.0/gems/nokogiri-1.11.1/ports/x86_64-pc-linux-gnu/libxslt/1.1.34/lib/libexslt.a -lm -ldl -lz /home/ec2-user/environment/be-yourself/vender/bundle/ruby/2.5.0/gems/nokogiri-1.11.1/ports/x86_64-pc-linux-gnu/libxml2/2.9.10/lib/libxml2.a /home/ec2-user/environment/be-yourself/vender/bundle/ruby/2.5.0/gems/nokogiri-1.11.1/ports/x86_64-pc-linux-gnu/libxslt/1.1.34/lib/libxslt.a -ldl -lm -lz /home/ec2-user/environment/be-yourself/vender/bundle/ruby/2.5.0/gems/nokogiri-1.11.1/ports/x86_64-pc-linux-gnu/libxml2/2.9.10/lib/libxml2.a -lpthread -ldl -lcrypt -lm   -lc"
checked program was:
/* begin */
 1: #include "ruby.h"
 2: 
 3: /*top*/
 4: extern int t(void);
 5: int main(int argc, char **argv)
 6: {
 7:   if (argc > 1000000) {
 8:     printf("%p", &t);
 9:   }
10: 
11:   return 0;
12: }
13: extern void xmlHasFeature();
14: int t(void) { xmlHasFeature(); return 0; }
/* end */

--------------------

have_func: checking for xmlFirstElementChild()... -------------------- yes

"gcc -o conftest -I/home/ec2-user/.rvm/rubies/ruby-2.5.3/include/ruby-2.5.0/x86_64-linux -I/home/ec2-user/.rvm/rubies/ruby-2.5.3/include/ruby-2.5.0/ruby/backward -I/home/ec2-user/.rvm/rubies/ruby-2.5.3/include/ruby-2.5.0 -I. -I/home/ec2-user/environment/be-yourself/vender/bundle/ruby/2.5.0/gems/nokogiri-1.11.1/ports/x86_64-pc-linux-gnu/libxml2/2.9.10/include/libxml2 -I/home/ec2-user/environment/be-yourself/vender/bundle/ruby/2.5.0/gems/nokogiri-1.11.1/ports/x86_64-pc-linux-gnu/libxslt/1.1.34/include -I/home/ec2-user/environment/be-yourself/vender/bundle/ruby/2.5.0/gems/nokogiri-1.11.1/ports/x86_64-pc-linux-gnu/libxml2/2.9.10/include/libxml2    -DNOKOGIRI_PACKAGED_LIBRARIES -DNOKOGIRI_LIBXML2_PATCHES="\"0001-Revert-Do-not-URI-escape-in-server-side-includes.patch 0002-Remove-script-macro-support.patch 0003-Update-entities-to-remove-handling-of-ssi.patch 0004-libxml2.la-is-in-top_builddir.patch 0005-Fix-infinite-loop-in-xmlStringLenDecodeEntities.patch 0006-htmlParseComment-treat-as-if-it-closed-the-comment.patch 0007-use-new-htmlParseLookupCommentEnd-to-find-comment-en.patch 0008-use-glibc-strlen.patch 0009-avoid-isnan-isinf.patch\"" -DNOKOGIRI_LIBXSLT_PATCHES="\"\"" -O3 -ggdb3 -Wall -Wextra -Wno-unused-parameter -Wno-parentheses -Wno-long-long -Wno-missing-field-initializers -Wno-tautological-compare -Wno-parentheses-equality -Wno-constant-logical-operand -Wno-self-assign -Wunused-variable -Wimplicit-int -Wpointer-arith -Wwrite-strings -Wdeclaration-after-statement -Wimplicit-function-declaration -Wdeprecated-declarations -Wno-packed-bitfield-compat -Wsuggest-attribute=noreturn -Wsuggest-attribute=format  -fPIC -g -Winline -Wmissing-noreturn conftest.c  -L. -L/home/ec2-user/.rvm/rubies/ruby-2.5.3/lib -Wl,-rpath,/home/ec2-user/.rvm/rubies/ruby-2.5.3/lib -L/home/ec2-user/environment/be-yourself/vender/bundle/ruby/2.5.0/gems/nokogiri-1.11.1/ports/x86_64-pc-linux-gnu/libxml2/2.9.10/lib -Wl,-rpath,/home/ec2-user/environment/be-yourself/vender/bundle/ruby/2.5.0/gems/nokogiri-1.11.1/ports/x86_64-pc-linux-gnu/libxml2/2.9.10/lib -L/home/ec2-user/environment/be-yourself/vender/bundle/ruby/2.5.0/gems/nokogiri-1.11.1/ports/x86_64-pc-linux-gnu/libxslt/1.1.34/lib -Wl,-rpath,/home/ec2-user/environment/be-yourself/vender/bundle/ruby/2.5.0/gems/nokogiri-1.11.1/ports/x86_64-pc-linux-gnu/libxslt/1.1.34/lib -L. -fstack-protector -rdynamic -Wl,-export-dynamic    /home/ec2-user/environment/be-yourself/vender/bundle/ruby/2.5.0/gems/nokogiri-1.11.1/ports/x86_64-pc-linux-gnu/libxslt/1.1.34/lib/libexslt.a -lm -ldl -lz /home/ec2-user/environment/be-yourself/vender/bundle/ruby/2.5.0/gems/nokogiri-1.11.1/ports/x86_64-pc-linux-gnu/libxml2/2.9.10/lib/libxml2.a /home/ec2-user/environment/be-yourself/vender/bundle/ruby/2.5.0/gems/nokogiri-1.11.1/ports/x86_64-pc-linux-gnu/libxslt/1.1.34/lib/libxslt.a -ldl -lm -lz /home/ec2-user/environment/be-yourself/vender/bundle/ruby/2.5.0/gems/nokogiri-1.11.1/ports/x86_64-pc-linux-gnu/libxml2/2.9.10/lib/libxml2.a -Wl,-rpath,'/../lib' -Wl,-rpath,'/../lib' -lruby /home/ec2-user/environment/be-yourself/vender/bundle/ruby/2.5.0/gems/nokogiri-1.11.1/ports/x86_64-pc-linux-gnu/libxslt/1.1.34/lib/libexslt.a -lm -ldl -lz /home/ec2-user/environment/be-yourself/vender/bundle/ruby/2.5.0/gems/nokogiri-1.11.1/ports/x86_64-pc-linux-gnu/libxml2/2.9.10/lib/libxml2.a /home/ec2-user/environment/be-yourself/vender/bundle/ruby/2.5.0/gems/nokogiri-1.11.1/ports/x86_64-pc-linux-gnu/libxslt/1.1.34/lib/libxslt.a -ldl -lm -lz /home/ec2-user/environment/be-yourself/vender/bundle/ruby/2.5.0/gems/nokogiri-1.11.1/ports/x86_64-pc-linux-gnu/libxml2/2.9.10/lib/libxml2.a -lpthread -ldl -lcrypt -lm   -lc"
conftest.c: In function ‘t’:
conftest.c:13:57: error: ‘xmlFirstElementChild’ undeclared (first use in this function)
 int t(void) { void ((*volatile p)()); p = (void ((*)()))xmlFirstElementChild; return !p; }
                                                         ^~~~~~~~~~~~~~~~~~~~
conftest.c:13:57: note: each undeclared identifier is reported only once for each function it appears in
conftest.c: At top level:
cc1: warning: unrecognized command line option ‘-Wno-self-assign’
cc1: warning: unrecognized command line option ‘-Wno-constant-logical-operand’
cc1: warning: unrecognized command line option ‘-Wno-parentheses-equality’
checked program was:
/* begin */
 1: #include "ruby.h"
 2: 
 3: /*top*/
 4: extern int t(void);
 5: int main(int argc, char **argv)
 6: {
 7:   if (argc > 1000000) {
 8:     printf("%p", &t);
 9:   }
10: 
11:   return 0;
12: }
13: int t(void) { void ((*volatile p)()); p = (void ((*)()))xmlFirstElementChild; return !p; }
/* end */

"gcc -o conftest -I/home/ec2-user/.rvm/rubies/ruby-2.5.3/include/ruby-2.5.0/x86_64-linux -I/home/ec2-user/.rvm/rubies/ruby-2.5.3/include/ruby-2.5.0/ruby/backward -I/home/ec2-user/.rvm/rubies/ruby-2.5.3/include/ruby-2.5.0 -I. -I/home/ec2-user/environment/be-yourself/vender/bundle/ruby/2.5.0/gems/nokogiri-1.11.1/ports/x86_64-pc-linux-gnu/libxml2/2.9.10/include/libxml2 -I/home/ec2-user/environment/be-yourself/vender/bundle/ruby/2.5.0/gems/nokogiri-1.11.1/ports/x86_64-pc-linux-gnu/libxslt/1.1.34/include -I/home/ec2-user/environment/be-yourself/vender/bundle/ruby/2.5.0/gems/nokogiri-1.11.1/ports/x86_64-pc-linux-gnu/libxml2/2.9.10/include/libxml2    -DNOKOGIRI_PACKAGED_LIBRARIES -DNOKOGIRI_LIBXML2_PATCHES="\"0001-Revert-Do-not-URI-escape-in-server-side-includes.patch 0002-Remove-script-macro-support.patch 0003-Update-entities-to-remove-handling-of-ssi.patch 0004-libxml2.la-is-in-top_builddir.patch 0005-Fix-infinite-loop-in-xmlStringLenDecodeEntities.patch 0006-htmlParseComment-treat-as-if-it-closed-the-comment.patch 0007-use-new-htmlParseLookupCommentEnd-to-find-comment-en.patch 0008-use-glibc-strlen.patch 0009-avoid-isnan-isinf.patch\"" -DNOKOGIRI_LIBXSLT_PATCHES="\"\"" -O3 -ggdb3 -Wall -Wextra -Wno-unused-parameter -Wno-parentheses -Wno-long-long -Wno-missing-field-initializers -Wno-tautological-compare -Wno-parentheses-equality -Wno-constant-logical-operand -Wno-self-assign -Wunused-variable -Wimplicit-int -Wpointer-arith -Wwrite-strings -Wdeclaration-after-statement -Wimplicit-function-declaration -Wdeprecated-declarations -Wno-packed-bitfield-compat -Wsuggest-attribute=noreturn -Wsuggest-attribute=format  -fPIC -g -Winline -Wmissing-noreturn conftest.c  -L. -L/home/ec2-user/.rvm/rubies/ruby-2.5.3/lib -Wl,-rpath,/home/ec2-user/.rvm/rubies/ruby-2.5.3/lib -L/home/ec2-user/environment/be-yourself/vender/bundle/ruby/2.5.0/gems/nokogiri-1.11.1/ports/x86_64-pc-linux-gnu/libxml2/2.9.10/lib -Wl,-rpath,/home/ec2-user/environment/be-yourself/vender/bundle/ruby/2.5.0/gems/nokogiri-1.11.1/ports/x86_64-pc-linux-gnu/libxml2/2.9.10/lib -L/home/ec2-user/environment/be-yourself/vender/bundle/ruby/2.5.0/gems/nokogiri-1.11.1/ports/x86_64-pc-linux-gnu/libxslt/1.1.34/lib -Wl,-rpath,/home/ec2-user/environment/be-yourself/vender/bundle/ruby/2.5.0/gems/nokogiri-1.11.1/ports/x86_64-pc-linux-gnu/libxslt/1.1.34/lib -L. -fstack-protector -rdynamic -Wl,-export-dynamic    /home/ec2-user/environment/be-yourself/vender/bundle/ruby/2.5.0/gems/nokogiri-1.11.1/ports/x86_64-pc-linux-gnu/libxslt/1.1.34/lib/libexslt.a -lm -ldl -lz /home/ec2-user/environment/be-yourself/vender/bundle/ruby/2.5.0/gems/nokogiri-1.11.1/ports/x86_64-pc-linux-gnu/libxml2/2.9.10/lib/libxml2.a /home/ec2-user/environment/be-yourself/vender/bundle/ruby/2.5.0/gems/nokogiri-1.11.1/ports/x86_64-pc-linux-gnu/libxslt/1.1.34/lib/libxslt.a -ldl -lm -lz /home/ec2-user/environment/be-yourself/vender/bundle/ruby/2.5.0/gems/nokogiri-1.11.1/ports/x86_64-pc-linux-gnu/libxml2/2.9.10/lib/libxml2.a -Wl,-rpath,'/../lib' -Wl,-rpath,'/../lib' -lruby /home/ec2-user/environment/be-yourself/vender/bundle/ruby/2.5.0/gems/nokogiri-1.11.1/ports/x86_64-pc-linux-gnu/libxslt/1.1.34/lib/libexslt.a -lm -ldl -lz /home/ec2-user/environment/be-yourself/vender/bundle/ruby/2.5.0/gems/nokogiri-1.11.1/ports/x86_64-pc-linux-gnu/libxml2/2.9.10/lib/libxml2.a /home/ec2-user/environment/be-yourself/vender/bundle/ruby/2.5.0/gems/nokogiri-1.11.1/ports/x86_64-pc-linux-gnu/libxslt/1.1.34/lib/libxslt.a -ldl -lm -lz /home/ec2-user/environment/be-yourself/vender/bundle/ruby/2.5.0/gems/nokogiri-1.11.1/ports/x86_64-pc-linux-gnu/libxml2/2.9.10/lib/libxml2.a -lpthread -ldl -lcrypt -lm   -lc"
checked program was:
/* begin */
 1: #include "ruby.h"
 2: 
 3: /*top*/
 4: extern int t(void);
 5: int main(int argc, char **argv)
 6: {
 7:   if (argc > 1000000) {
 8:     printf("%p", &t);
 9:   }
10: 
11:   return 0;
12: }
13: extern void xmlFirstElementChild();
14: int t(void) { xmlFirstElementChild(); return 0; }
/* end */

--------------------

have_func: checking for xmlRelaxNGSetParserStructuredErrors()... -------------------- yes

"gcc -o conftest -I/home/ec2-user/.rvm/rubies/ruby-2.5.3/include/ruby-2.5.0/x86_64-linux -I/home/ec2-user/.rvm/rubies/ruby-2.5.3/include/ruby-2.5.0/ruby/backward -I/home/ec2-user/.rvm/rubies/ruby-2.5.3/include/ruby-2.5.0 -I. -I/home/ec2-user/environment/be-yourself/vender/bundle/ruby/2.5.0/gems/nokogiri-1.11.1/ports/x86_64-pc-linux-gnu/libxml2/2.9.10/include/libxml2 -I/home/ec2-user/environment/be-yourself/vender/bundle/ruby/2.5.0/gems/nokogiri-1.11.1/ports/x86_64-pc-linux-gnu/libxslt/1.1.34/include -I/home/ec2-user/environment/be-yourself/vender/bundle/ruby/2.5.0/gems/nokogiri-1.11.1/ports/x86_64-pc-linux-gnu/libxml2/2.9.10/include/libxml2    -DNOKOGIRI_PACKAGED_LIBRARIES -DNOKOGIRI_LIBXML2_PATCHES="\"0001-Revert-Do-not-URI-escape-in-server-side-includes.patch 0002-Remove-script-macro-support.patch 0003-Update-entities-to-remove-handling-of-ssi.patch 0004-libxml2.la-is-in-top_builddir.patch 0005-Fix-infinite-loop-in-xmlStringLenDecodeEntities.patch 0006-htmlParseComment-treat-as-if-it-closed-the-comment.patch 0007-use-new-htmlParseLookupCommentEnd-to-find-comment-en.patch 0008-use-glibc-strlen.patch 0009-avoid-isnan-isinf.patch\"" -DNOKOGIRI_LIBXSLT_PATCHES="\"\"" -O3 -ggdb3 -Wall -Wextra -Wno-unused-parameter -Wno-parentheses -Wno-long-long -Wno-missing-field-initializers -Wno-tautological-compare -Wno-parentheses-equality -Wno-constant-logical-operand -Wno-self-assign -Wunused-variable -Wimplicit-int -Wpointer-arith -Wwrite-strings -Wdeclaration-after-statement -Wimplicit-function-declaration -Wdeprecated-declarations -Wno-packed-bitfield-compat -Wsuggest-attribute=noreturn -Wsuggest-attribute=format  -fPIC -g -Winline -Wmissing-noreturn conftest.c  -L. -L/home/ec2-user/.rvm/rubies/ruby-2.5.3/lib -Wl,-rpath,/home/ec2-user/.rvm/rubies/ruby-2.5.3/lib -L/home/ec2-user/environment/be-yourself/vender/bundle/ruby/2.5.0/gems/nokogiri-1.11.1/ports/x86_64-pc-linux-gnu/libxml2/2.9.10/lib -Wl,-rpath,/home/ec2-user/environment/be-yourself/vender/bundle/ruby/2.5.0/gems/nokogiri-1.11.1/ports/x86_64-pc-linux-gnu/libxml2/2.9.10/lib -L/home/ec2-user/environment/be-yourself/vender/bundle/ruby/2.5.0/gems/nokogiri-1.11.1/ports/x86_64-pc-linux-gnu/libxslt/1.1.34/lib -Wl,-rpath,/home/ec2-user/environment/be-yourself/vender/bundle/ruby/2.5.0/gems/nokogiri-1.11.1/ports/x86_64-pc-linux-gnu/libxslt/1.1.34/lib -L. -fstack-protector -rdynamic -Wl,-export-dynamic    /home/ec2-user/environment/be-yourself/vender/bundle/ruby/2.5.0/gems/nokogiri-1.11.1/ports/x86_64-pc-linux-gnu/libxslt/1.1.34/lib/libexslt.a -lm -ldl -lz /home/ec2-user/environment/be-yourself/vender/bundle/ruby/2.5.0/gems/nokogiri-1.11.1/ports/x86_64-pc-linux-gnu/libxml2/2.9.10/lib/libxml2.a /home/ec2-user/environment/be-yourself/vender/bundle/ruby/2.5.0/gems/nokogiri-1.11.1/ports/x86_64-pc-linux-gnu/libxslt/1.1.34/lib/libxslt.a -ldl -lm -lz /home/ec2-user/environment/be-yourself/vender/bundle/ruby/2.5.0/gems/nokogiri-1.11.1/ports/x86_64-pc-linux-gnu/libxml2/2.9.10/lib/libxml2.a -Wl,-rpath,'/../lib' -Wl,-rpath,'/../lib' -lruby /home/ec2-user/environment/be-yourself/vender/bundle/ruby/2.5.0/gems/nokogiri-1.11.1/ports/x86_64-pc-linux-gnu/libxslt/1.1.34/lib/libexslt.a -lm -ldl -lz /home/ec2-user/environment/be-yourself/vender/bundle/ruby/2.5.0/gems/nokogiri-1.11.1/ports/x86_64-pc-linux-gnu/libxml2/2.9.10/lib/libxml2.a /home/ec2-user/environment/be-yourself/vender/bundle/ruby/2.5.0/gems/nokogiri-1.11.1/ports/x86_64-pc-linux-gnu/libxslt/1.1.34/lib/libxslt.a -ldl -lm -lz /home/ec2-user/environment/be-yourself/vender/bundle/ruby/2.5.0/gems/nokogiri-1.11.1/ports/x86_64-pc-linux-gnu/libxml2/2.9.10/lib/libxml2.a -lpthread -ldl -lcrypt -lm   -lc"
conftest.c: In function ‘t’:
conftest.c:13:57: error: ‘xmlRelaxNGSetParserStructuredErrors’ undeclared (first use in this function)
 int t(void) { void ((*volatile p)()); p = (void ((*)()))xmlRelaxNGSetParserStructuredErrors; return !p; }
                                                         ^~~~~~~~~~~~~~~~~~~~~~~~~~~~~~~~~~~
conftest.c:13:57: note: each undeclared identifier is reported only once for each function it appears in
conftest.c: At top level:
cc1: warning: unrecognized command line option ‘-Wno-self-assign’
cc1: warning: unrecognized command line option ‘-Wno-constant-logical-operand’
cc1: warning: unrecognized command line option ‘-Wno-parentheses-equality’
checked program was:
/* begin */
 1: #include "ruby.h"
 2: 
 3: /*top*/
 4: extern int t(void);
 5: int main(int argc, char **argv)
 6: {
 7:   if (argc > 1000000) {
 8:     printf("%p", &t);
 9:   }
10: 
11:   return 0;
12: }
13: int t(void) { void ((*volatile p)()); p = (void ((*)()))xmlRelaxNGSetParserStructuredErrors; return !p; }
/* end */

"gcc -o conftest -I/home/ec2-user/.rvm/rubies/ruby-2.5.3/include/ruby-2.5.0/x86_64-linux -I/home/ec2-user/.rvm/rubies/ruby-2.5.3/include/ruby-2.5.0/ruby/backward -I/home/ec2-user/.rvm/rubies/ruby-2.5.3/include/ruby-2.5.0 -I. -I/home/ec2-user/environment/be-yourself/vender/bundle/ruby/2.5.0/gems/nokogiri-1.11.1/ports/x86_64-pc-linux-gnu/libxml2/2.9.10/include/libxml2 -I/home/ec2-user/environment/be-yourself/vender/bundle/ruby/2.5.0/gems/nokogiri-1.11.1/ports/x86_64-pc-linux-gnu/libxslt/1.1.34/include -I/home/ec2-user/environment/be-yourself/vender/bundle/ruby/2.5.0/gems/nokogiri-1.11.1/ports/x86_64-pc-linux-gnu/libxml2/2.9.10/include/libxml2    -DNOKOGIRI_PACKAGED_LIBRARIES -DNOKOGIRI_LIBXML2_PATCHES="\"0001-Revert-Do-not-URI-escape-in-server-side-includes.patch 0002-Remove-script-macro-support.patch 0003-Update-entities-to-remove-handling-of-ssi.patch 0004-libxml2.la-is-in-top_builddir.patch 0005-Fix-infinite-loop-in-xmlStringLenDecodeEntities.patch 0006-htmlParseComment-treat-as-if-it-closed-the-comment.patch 0007-use-new-htmlParseLookupCommentEnd-to-find-comment-en.patch 0008-use-glibc-strlen.patch 0009-avoid-isnan-isinf.patch\"" -DNOKOGIRI_LIBXSLT_PATCHES="\"\"" -O3 -ggdb3 -Wall -Wextra -Wno-unused-parameter -Wno-parentheses -Wno-long-long -Wno-missing-field-initializers -Wno-tautological-compare -Wno-parentheses-equality -Wno-constant-logical-operand -Wno-self-assign -Wunused-variable -Wimplicit-int -Wpointer-arith -Wwrite-strings -Wdeclaration-after-statement -Wimplicit-function-declaration -Wdeprecated-declarations -Wno-packed-bitfield-compat -Wsuggest-attribute=noreturn -Wsuggest-attribute=format  -fPIC -g -Winline -Wmissing-noreturn conftest.c  -L. -L/home/ec2-user/.rvm/rubies/ruby-2.5.3/lib -Wl,-rpath,/home/ec2-user/.rvm/rubies/ruby-2.5.3/lib -L/home/ec2-user/environment/be-yourself/vender/bundle/ruby/2.5.0/gems/nokogiri-1.11.1/ports/x86_64-pc-linux-gnu/libxml2/2.9.10/lib -Wl,-rpath,/home/ec2-user/environment/be-yourself/vender/bundle/ruby/2.5.0/gems/nokogiri-1.11.1/ports/x86_64-pc-linux-gnu/libxml2/2.9.10/lib -L/home/ec2-user/environment/be-yourself/vender/bundle/ruby/2.5.0/gems/nokogiri-1.11.1/ports/x86_64-pc-linux-gnu/libxslt/1.1.34/lib -Wl,-rpath,/home/ec2-user/environment/be-yourself/vender/bundle/ruby/2.5.0/gems/nokogiri-1.11.1/ports/x86_64-pc-linux-gnu/libxslt/1.1.34/lib -L. -fstack-protector -rdynamic -Wl,-export-dynamic    /home/ec2-user/environment/be-yourself/vender/bundle/ruby/2.5.0/gems/nokogiri-1.11.1/ports/x86_64-pc-linux-gnu/libxslt/1.1.34/lib/libexslt.a -lm -ldl -lz /home/ec2-user/environment/be-yourself/vender/bundle/ruby/2.5.0/gems/nokogiri-1.11.1/ports/x86_64-pc-linux-gnu/libxml2/2.9.10/lib/libxml2.a /home/ec2-user/environment/be-yourself/vender/bundle/ruby/2.5.0/gems/nokogiri-1.11.1/ports/x86_64-pc-linux-gnu/libxslt/1.1.34/lib/libxslt.a -ldl -lm -lz /home/ec2-user/environment/be-yourself/vender/bundle/ruby/2.5.0/gems/nokogiri-1.11.1/ports/x86_64-pc-linux-gnu/libxml2/2.9.10/lib/libxml2.a -Wl,-rpath,'/../lib' -Wl,-rpath,'/../lib' -lruby /home/ec2-user/environment/be-yourself/vender/bundle/ruby/2.5.0/gems/nokogiri-1.11.1/ports/x86_64-pc-linux-gnu/libxslt/1.1.34/lib/libexslt.a -lm -ldl -lz /home/ec2-user/environment/be-yourself/vender/bundle/ruby/2.5.0/gems/nokogiri-1.11.1/ports/x86_64-pc-linux-gnu/libxml2/2.9.10/lib/libxml2.a /home/ec2-user/environment/be-yourself/vender/bundle/ruby/2.5.0/gems/nokogiri-1.11.1/ports/x86_64-pc-linux-gnu/libxslt/1.1.34/lib/libxslt.a -ldl -lm -lz /home/ec2-user/environment/be-yourself/vender/bundle/ruby/2.5.0/gems/nokogiri-1.11.1/ports/x86_64-pc-linux-gnu/libxml2/2.9.10/lib/libxml2.a -lpthread -ldl -lcrypt -lm   -lc"
checked program was:
/* begin */
 1: #include "ruby.h"
 2: 
 3: /*top*/
 4: extern int t(void);
 5: int main(int argc, char **argv)
 6: {
 7:   if (argc > 1000000) {
 8:     printf("%p", &t);
 9:   }
10: 
11:   return 0;
12: }
13: extern void xmlRelaxNGSetParserStructuredErrors();
14: int t(void) { xmlRelaxNGSetParserStructuredErrors(); return 0; }
/* end */

--------------------

have_func: checking for xmlRelaxNGSetValidStructuredErrors()... -------------------- yes

"gcc -o conftest -I/home/ec2-user/.rvm/rubies/ruby-2.5.3/include/ruby-2.5.0/x86_64-linux -I/home/ec2-user/.rvm/rubies/ruby-2.5.3/include/ruby-2.5.0/ruby/backward -I/home/ec2-user/.rvm/rubies/ruby-2.5.3/include/ruby-2.5.0 -I. -I/home/ec2-user/environment/be-yourself/vender/bundle/ruby/2.5.0/gems/nokogiri-1.11.1/ports/x86_64-pc-linux-gnu/libxml2/2.9.10/include/libxml2 -I/home/ec2-user/environment/be-yourself/vender/bundle/ruby/2.5.0/gems/nokogiri-1.11.1/ports/x86_64-pc-linux-gnu/libxslt/1.1.34/include -I/home/ec2-user/environment/be-yourself/vender/bundle/ruby/2.5.0/gems/nokogiri-1.11.1/ports/x86_64-pc-linux-gnu/libxml2/2.9.10/include/libxml2    -DNOKOGIRI_PACKAGED_LIBRARIES -DNOKOGIRI_LIBXML2_PATCHES="\"0001-Revert-Do-not-URI-escape-in-server-side-includes.patch 0002-Remove-script-macro-support.patch 0003-Update-entities-to-remove-handling-of-ssi.patch 0004-libxml2.la-is-in-top_builddir.patch 0005-Fix-infinite-loop-in-xmlStringLenDecodeEntities.patch 0006-htmlParseComment-treat-as-if-it-closed-the-comment.patch 0007-use-new-htmlParseLookupCommentEnd-to-find-comment-en.patch 0008-use-glibc-strlen.patch 0009-avoid-isnan-isinf.patch\"" -DNOKOGIRI_LIBXSLT_PATCHES="\"\"" -O3 -ggdb3 -Wall -Wextra -Wno-unused-parameter -Wno-parentheses -Wno-long-long -Wno-missing-field-initializers -Wno-tautological-compare -Wno-parentheses-equality -Wno-constant-logical-operand -Wno-self-assign -Wunused-variable -Wimplicit-int -Wpointer-arith -Wwrite-strings -Wdeclaration-after-statement -Wimplicit-function-declaration -Wdeprecated-declarations -Wno-packed-bitfield-compat -Wsuggest-attribute=noreturn -Wsuggest-attribute=format  -fPIC -g -Winline -Wmissing-noreturn conftest.c  -L. -L/home/ec2-user/.rvm/rubies/ruby-2.5.3/lib -Wl,-rpath,/home/ec2-user/.rvm/rubies/ruby-2.5.3/lib -L/home/ec2-user/environment/be-yourself/vender/bundle/ruby/2.5.0/gems/nokogiri-1.11.1/ports/x86_64-pc-linux-gnu/libxml2/2.9.10/lib -Wl,-rpath,/home/ec2-user/environment/be-yourself/vender/bundle/ruby/2.5.0/gems/nokogiri-1.11.1/ports/x86_64-pc-linux-gnu/libxml2/2.9.10/lib -L/home/ec2-user/environment/be-yourself/vender/bundle/ruby/2.5.0/gems/nokogiri-1.11.1/ports/x86_64-pc-linux-gnu/libxslt/1.1.34/lib -Wl,-rpath,/home/ec2-user/environment/be-yourself/vender/bundle/ruby/2.5.0/gems/nokogiri-1.11.1/ports/x86_64-pc-linux-gnu/libxslt/1.1.34/lib -L. -fstack-protector -rdynamic -Wl,-export-dynamic    /home/ec2-user/environment/be-yourself/vender/bundle/ruby/2.5.0/gems/nokogiri-1.11.1/ports/x86_64-pc-linux-gnu/libxslt/1.1.34/lib/libexslt.a -lm -ldl -lz /home/ec2-user/environment/be-yourself/vender/bundle/ruby/2.5.0/gems/nokogiri-1.11.1/ports/x86_64-pc-linux-gnu/libxml2/2.9.10/lib/libxml2.a /home/ec2-user/environment/be-yourself/vender/bundle/ruby/2.5.0/gems/nokogiri-1.11.1/ports/x86_64-pc-linux-gnu/libxslt/1.1.34/lib/libxslt.a -ldl -lm -lz /home/ec2-user/environment/be-yourself/vender/bundle/ruby/2.5.0/gems/nokogiri-1.11.1/ports/x86_64-pc-linux-gnu/libxml2/2.9.10/lib/libxml2.a -Wl,-rpath,'/../lib' -Wl,-rpath,'/../lib' -lruby /home/ec2-user/environment/be-yourself/vender/bundle/ruby/2.5.0/gems/nokogiri-1.11.1/ports/x86_64-pc-linux-gnu/libxslt/1.1.34/lib/libexslt.a -lm -ldl -lz /home/ec2-user/environment/be-yourself/vender/bundle/ruby/2.5.0/gems/nokogiri-1.11.1/ports/x86_64-pc-linux-gnu/libxml2/2.9.10/lib/libxml2.a /home/ec2-user/environment/be-yourself/vender/bundle/ruby/2.5.0/gems/nokogiri-1.11.1/ports/x86_64-pc-linux-gnu/libxslt/1.1.34/lib/libxslt.a -ldl -lm -lz /home/ec2-user/environment/be-yourself/vender/bundle/ruby/2.5.0/gems/nokogiri-1.11.1/ports/x86_64-pc-linux-gnu/libxml2/2.9.10/lib/libxml2.a -lpthread -ldl -lcrypt -lm   -lc"
conftest.c: In function ‘t’:
conftest.c:13:57: error: ‘xmlRelaxNGSetValidStructuredErrors’ undeclared (first use in this function)
 int t(void) { void ((*volatile p)()); p = (void ((*)()))xmlRelaxNGSetValidStructuredErrors; return !p; }
                                                         ^~~~~~~~~~~~~~~~~~~~~~~~~~~~~~~~~~
conftest.c:13:57: note: each undeclared identifier is reported only once for each function it appears in
conftest.c: At top level:
cc1: warning: unrecognized command line option ‘-Wno-self-assign’
cc1: warning: unrecognized command line option ‘-Wno-constant-logical-operand’
cc1: warning: unrecognized command line option ‘-Wno-parentheses-equality’
checked program was:
/* begin */
 1: #include "ruby.h"
 2: 
 3: /*top*/
 4: extern int t(void);
 5: int main(int argc, char **argv)
 6: {
 7:   if (argc > 1000000) {
 8:     printf("%p", &t);
 9:   }
10: 
11:   return 0;
12: }
13: int t(void) { void ((*volatile p)()); p = (void ((*)()))xmlRelaxNGSetValidStructuredErrors; return !p; }
/* end */

"gcc -o conftest -I/home/ec2-user/.rvm/rubies/ruby-2.5.3/include/ruby-2.5.0/x86_64-linux -I/home/ec2-user/.rvm/rubies/ruby-2.5.3/include/ruby-2.5.0/ruby/backward -I/home/ec2-user/.rvm/rubies/ruby-2.5.3/include/ruby-2.5.0 -I. -I/home/ec2-user/environment/be-yourself/vender/bundle/ruby/2.5.0/gems/nokogiri-1.11.1/ports/x86_64-pc-linux-gnu/libxml2/2.9.10/include/libxml2 -I/home/ec2-user/environment/be-yourself/vender/bundle/ruby/2.5.0/gems/nokogiri-1.11.1/ports/x86_64-pc-linux-gnu/libxslt/1.1.34/include -I/home/ec2-user/environment/be-yourself/vender/bundle/ruby/2.5.0/gems/nokogiri-1.11.1/ports/x86_64-pc-linux-gnu/libxml2/2.9.10/include/libxml2    -DNOKOGIRI_PACKAGED_LIBRARIES -DNOKOGIRI_LIBXML2_PATCHES="\"0001-Revert-Do-not-URI-escape-in-server-side-includes.patch 0002-Remove-script-macro-support.patch 0003-Update-entities-to-remove-handling-of-ssi.patch 0004-libxml2.la-is-in-top_builddir.patch 0005-Fix-infinite-loop-in-xmlStringLenDecodeEntities.patch 0006-htmlParseComment-treat-as-if-it-closed-the-comment.patch 0007-use-new-htmlParseLookupCommentEnd-to-find-comment-en.patch 0008-use-glibc-strlen.patch 0009-avoid-isnan-isinf.patch\"" -DNOKOGIRI_LIBXSLT_PATCHES="\"\"" -O3 -ggdb3 -Wall -Wextra -Wno-unused-parameter -Wno-parentheses -Wno-long-long -Wno-missing-field-initializers -Wno-tautological-compare -Wno-parentheses-equality -Wno-constant-logical-operand -Wno-self-assign -Wunused-variable -Wimplicit-int -Wpointer-arith -Wwrite-strings -Wdeclaration-after-statement -Wimplicit-function-declaration -Wdeprecated-declarations -Wno-packed-bitfield-compat -Wsuggest-attribute=noreturn -Wsuggest-attribute=format  -fPIC -g -Winline -Wmissing-noreturn conftest.c  -L. -L/home/ec2-user/.rvm/rubies/ruby-2.5.3/lib -Wl,-rpath,/home/ec2-user/.rvm/rubies/ruby-2.5.3/lib -L/home/ec2-user/environment/be-yourself/vender/bundle/ruby/2.5.0/gems/nokogiri-1.11.1/ports/x86_64-pc-linux-gnu/libxml2/2.9.10/lib -Wl,-rpath,/home/ec2-user/environment/be-yourself/vender/bundle/ruby/2.5.0/gems/nokogiri-1.11.1/ports/x86_64-pc-linux-gnu/libxml2/2.9.10/lib -L/home/ec2-user/environment/be-yourself/vender/bundle/ruby/2.5.0/gems/nokogiri-1.11.1/ports/x86_64-pc-linux-gnu/libxslt/1.1.34/lib -Wl,-rpath,/home/ec2-user/environment/be-yourself/vender/bundle/ruby/2.5.0/gems/nokogiri-1.11.1/ports/x86_64-pc-linux-gnu/libxslt/1.1.34/lib -L. -fstack-protector -rdynamic -Wl,-export-dynamic    /home/ec2-user/environment/be-yourself/vender/bundle/ruby/2.5.0/gems/nokogiri-1.11.1/ports/x86_64-pc-linux-gnu/libxslt/1.1.34/lib/libexslt.a -lm -ldl -lz /home/ec2-user/environment/be-yourself/vender/bundle/ruby/2.5.0/gems/nokogiri-1.11.1/ports/x86_64-pc-linux-gnu/libxml2/2.9.10/lib/libxml2.a /home/ec2-user/environment/be-yourself/vender/bundle/ruby/2.5.0/gems/nokogiri-1.11.1/ports/x86_64-pc-linux-gnu/libxslt/1.1.34/lib/libxslt.a -ldl -lm -lz /home/ec2-user/environment/be-yourself/vender/bundle/ruby/2.5.0/gems/nokogiri-1.11.1/ports/x86_64-pc-linux-gnu/libxml2/2.9.10/lib/libxml2.a -Wl,-rpath,'/../lib' -Wl,-rpath,'/../lib' -lruby /home/ec2-user/environment/be-yourself/vender/bundle/ruby/2.5.0/gems/nokogiri-1.11.1/ports/x86_64-pc-linux-gnu/libxslt/1.1.34/lib/libexslt.a -lm -ldl -lz /home/ec2-user/environment/be-yourself/vender/bundle/ruby/2.5.0/gems/nokogiri-1.11.1/ports/x86_64-pc-linux-gnu/libxml2/2.9.10/lib/libxml2.a /home/ec2-user/environment/be-yourself/vender/bundle/ruby/2.5.0/gems/nokogiri-1.11.1/ports/x86_64-pc-linux-gnu/libxslt/1.1.34/lib/libxslt.a -ldl -lm -lz /home/ec2-user/environment/be-yourself/vender/bundle/ruby/2.5.0/gems/nokogiri-1.11.1/ports/x86_64-pc-linux-gnu/libxml2/2.9.10/lib/libxml2.a -lpthread -ldl -lcrypt -lm   -lc"
checked program was:
/* begin */
 1: #include "ruby.h"
 2: 
 3: /*top*/
 4: extern int t(void);
 5: int main(int argc, char **argv)
 6: {
 7:   if (argc > 1000000) {
 8:     printf("%p", &t);
 9:   }
10: 
11:   return 0;
12: }
13: extern void xmlRelaxNGSetValidStructuredErrors();
14: int t(void) { xmlRelaxNGSetValidStructuredErrors(); return 0; }
/* end */

--------------------

have_func: checking for xmlSchemaSetValidStructuredErrors()... -------------------- yes

"gcc -o conftest -I/home/ec2-user/.rvm/rubies/ruby-2.5.3/include/ruby-2.5.0/x86_64-linux -I/home/ec2-user/.rvm/rubies/ruby-2.5.3/include/ruby-2.5.0/ruby/backward -I/home/ec2-user/.rvm/rubies/ruby-2.5.3/include/ruby-2.5.0 -I. -I/home/ec2-user/environment/be-yourself/vender/bundle/ruby/2.5.0/gems/nokogiri-1.11.1/ports/x86_64-pc-linux-gnu/libxml2/2.9.10/include/libxml2 -I/home/ec2-user/environment/be-yourself/vender/bundle/ruby/2.5.0/gems/nokogiri-1.11.1/ports/x86_64-pc-linux-gnu/libxslt/1.1.34/include -I/home/ec2-user/environment/be-yourself/vender/bundle/ruby/2.5.0/gems/nokogiri-1.11.1/ports/x86_64-pc-linux-gnu/libxml2/2.9.10/include/libxml2    -DNOKOGIRI_PACKAGED_LIBRARIES -DNOKOGIRI_LIBXML2_PATCHES="\"0001-Revert-Do-not-URI-escape-in-server-side-includes.patch 0002-Remove-script-macro-support.patch 0003-Update-entities-to-remove-handling-of-ssi.patch 0004-libxml2.la-is-in-top_builddir.patch 0005-Fix-infinite-loop-in-xmlStringLenDecodeEntities.patch 0006-htmlParseComment-treat-as-if-it-closed-the-comment.patch 0007-use-new-htmlParseLookupCommentEnd-to-find-comment-en.patch 0008-use-glibc-strlen.patch 0009-avoid-isnan-isinf.patch\"" -DNOKOGIRI_LIBXSLT_PATCHES="\"\"" -O3 -ggdb3 -Wall -Wextra -Wno-unused-parameter -Wno-parentheses -Wno-long-long -Wno-missing-field-initializers -Wno-tautological-compare -Wno-parentheses-equality -Wno-constant-logical-operand -Wno-self-assign -Wunused-variable -Wimplicit-int -Wpointer-arith -Wwrite-strings -Wdeclaration-after-statement -Wimplicit-function-declaration -Wdeprecated-declarations -Wno-packed-bitfield-compat -Wsuggest-attribute=noreturn -Wsuggest-attribute=format  -fPIC -g -Winline -Wmissing-noreturn conftest.c  -L. -L/home/ec2-user/.rvm/rubies/ruby-2.5.3/lib -Wl,-rpath,/home/ec2-user/.rvm/rubies/ruby-2.5.3/lib -L/home/ec2-user/environment/be-yourself/vender/bundle/ruby/2.5.0/gems/nokogiri-1.11.1/ports/x86_64-pc-linux-gnu/libxml2/2.9.10/lib -Wl,-rpath,/home/ec2-user/environment/be-yourself/vender/bundle/ruby/2.5.0/gems/nokogiri-1.11.1/ports/x86_64-pc-linux-gnu/libxml2/2.9.10/lib -L/home/ec2-user/environment/be-yourself/vender/bundle/ruby/2.5.0/gems/nokogiri-1.11.1/ports/x86_64-pc-linux-gnu/libxslt/1.1.34/lib -Wl,-rpath,/home/ec2-user/environment/be-yourself/vender/bundle/ruby/2.5.0/gems/nokogiri-1.11.1/ports/x86_64-pc-linux-gnu/libxslt/1.1.34/lib -L. -fstack-protector -rdynamic -Wl,-export-dynamic    /home/ec2-user/environment/be-yourself/vender/bundle/ruby/2.5.0/gems/nokogiri-1.11.1/ports/x86_64-pc-linux-gnu/libxslt/1.1.34/lib/libexslt.a -lm -ldl -lz /home/ec2-user/environment/be-yourself/vender/bundle/ruby/2.5.0/gems/nokogiri-1.11.1/ports/x86_64-pc-linux-gnu/libxml2/2.9.10/lib/libxml2.a /home/ec2-user/environment/be-yourself/vender/bundle/ruby/2.5.0/gems/nokogiri-1.11.1/ports/x86_64-pc-linux-gnu/libxslt/1.1.34/lib/libxslt.a -ldl -lm -lz /home/ec2-user/environment/be-yourself/vender/bundle/ruby/2.5.0/gems/nokogiri-1.11.1/ports/x86_64-pc-linux-gnu/libxml2/2.9.10/lib/libxml2.a -Wl,-rpath,'/../lib' -Wl,-rpath,'/../lib' -lruby /home/ec2-user/environment/be-yourself/vender/bundle/ruby/2.5.0/gems/nokogiri-1.11.1/ports/x86_64-pc-linux-gnu/libxslt/1.1.34/lib/libexslt.a -lm -ldl -lz /home/ec2-user/environment/be-yourself/vender/bundle/ruby/2.5.0/gems/nokogiri-1.11.1/ports/x86_64-pc-linux-gnu/libxml2/2.9.10/lib/libxml2.a /home/ec2-user/environment/be-yourself/vender/bundle/ruby/2.5.0/gems/nokogiri-1.11.1/ports/x86_64-pc-linux-gnu/libxslt/1.1.34/lib/libxslt.a -ldl -lm -lz /home/ec2-user/environment/be-yourself/vender/bundle/ruby/2.5.0/gems/nokogiri-1.11.1/ports/x86_64-pc-linux-gnu/libxml2/2.9.10/lib/libxml2.a -lpthread -ldl -lcrypt -lm   -lc"
conftest.c: In function ‘t’:
conftest.c:13:57: error: ‘xmlSchemaSetValidStructuredErrors’ undeclared (first use in this function)
 int t(void) { void ((*volatile p)()); p = (void ((*)()))xmlSchemaSetValidStructuredErrors; return !p; }
                                                         ^~~~~~~~~~~~~~~~~~~~~~~~~~~~~~~~~
conftest.c:13:57: note: each undeclared identifier is reported only once for each function it appears in
conftest.c: At top level:
cc1: warning: unrecognized command line option ‘-Wno-self-assign’
cc1: warning: unrecognized command line option ‘-Wno-constant-logical-operand’
cc1: warning: unrecognized command line option ‘-Wno-parentheses-equality’
checked program was:
/* begin */
 1: #include "ruby.h"
 2: 
 3: /*top*/
 4: extern int t(void);
 5: int main(int argc, char **argv)
 6: {
 7:   if (argc > 1000000) {
 8:     printf("%p", &t);
 9:   }
10: 
11:   return 0;
12: }
13: int t(void) { void ((*volatile p)()); p = (void ((*)()))xmlSchemaSetValidStructuredErrors; return !p; }
/* end */

"gcc -o conftest -I/home/ec2-user/.rvm/rubies/ruby-2.5.3/include/ruby-2.5.0/x86_64-linux -I/home/ec2-user/.rvm/rubies/ruby-2.5.3/include/ruby-2.5.0/ruby/backward -I/home/ec2-user/.rvm/rubies/ruby-2.5.3/include/ruby-2.5.0 -I. -I/home/ec2-user/environment/be-yourself/vender/bundle/ruby/2.5.0/gems/nokogiri-1.11.1/ports/x86_64-pc-linux-gnu/libxml2/2.9.10/include/libxml2 -I/home/ec2-user/environment/be-yourself/vender/bundle/ruby/2.5.0/gems/nokogiri-1.11.1/ports/x86_64-pc-linux-gnu/libxslt/1.1.34/include -I/home/ec2-user/environment/be-yourself/vender/bundle/ruby/2.5.0/gems/nokogiri-1.11.1/ports/x86_64-pc-linux-gnu/libxml2/2.9.10/include/libxml2    -DNOKOGIRI_PACKAGED_LIBRARIES -DNOKOGIRI_LIBXML2_PATCHES="\"0001-Revert-Do-not-URI-escape-in-server-side-includes.patch 0002-Remove-script-macro-support.patch 0003-Update-entities-to-remove-handling-of-ssi.patch 0004-libxml2.la-is-in-top_builddir.patch 0005-Fix-infinite-loop-in-xmlStringLenDecodeEntities.patch 0006-htmlParseComment-treat-as-if-it-closed-the-comment.patch 0007-use-new-htmlParseLookupCommentEnd-to-find-comment-en.patch 0008-use-glibc-strlen.patch 0009-avoid-isnan-isinf.patch\"" -DNOKOGIRI_LIBXSLT_PATCHES="\"\"" -O3 -ggdb3 -Wall -Wextra -Wno-unused-parameter -Wno-parentheses -Wno-long-long -Wno-missing-field-initializers -Wno-tautological-compare -Wno-parentheses-equality -Wno-constant-logical-operand -Wno-self-assign -Wunused-variable -Wimplicit-int -Wpointer-arith -Wwrite-strings -Wdeclaration-after-statement -Wimplicit-function-declaration -Wdeprecated-declarations -Wno-packed-bitfield-compat -Wsuggest-attribute=noreturn -Wsuggest-attribute=format  -fPIC -g -Winline -Wmissing-noreturn conftest.c  -L. -L/home/ec2-user/.rvm/rubies/ruby-2.5.3/lib -Wl,-rpath,/home/ec2-user/.rvm/rubies/ruby-2.5.3/lib -L/home/ec2-user/environment/be-yourself/vender/bundle/ruby/2.5.0/gems/nokogiri-1.11.1/ports/x86_64-pc-linux-gnu/libxml2/2.9.10/lib -Wl,-rpath,/home/ec2-user/environment/be-yourself/vender/bundle/ruby/2.5.0/gems/nokogiri-1.11.1/ports/x86_64-pc-linux-gnu/libxml2/2.9.10/lib -L/home/ec2-user/environment/be-yourself/vender/bundle/ruby/2.5.0/gems/nokogiri-1.11.1/ports/x86_64-pc-linux-gnu/libxslt/1.1.34/lib -Wl,-rpath,/home/ec2-user/environment/be-yourself/vender/bundle/ruby/2.5.0/gems/nokogiri-1.11.1/ports/x86_64-pc-linux-gnu/libxslt/1.1.34/lib -L. -fstack-protector -rdynamic -Wl,-export-dynamic    /home/ec2-user/environment/be-yourself/vender/bundle/ruby/2.5.0/gems/nokogiri-1.11.1/ports/x86_64-pc-linux-gnu/libxslt/1.1.34/lib/libexslt.a -lm -ldl -lz /home/ec2-user/environment/be-yourself/vender/bundle/ruby/2.5.0/gems/nokogiri-1.11.1/ports/x86_64-pc-linux-gnu/libxml2/2.9.10/lib/libxml2.a /home/ec2-user/environment/be-yourself/vender/bundle/ruby/2.5.0/gems/nokogiri-1.11.1/ports/x86_64-pc-linux-gnu/libxslt/1.1.34/lib/libxslt.a -ldl -lm -lz /home/ec2-user/environment/be-yourself/vender/bundle/ruby/2.5.0/gems/nokogiri-1.11.1/ports/x86_64-pc-linux-gnu/libxml2/2.9.10/lib/libxml2.a -Wl,-rpath,'/../lib' -Wl,-rpath,'/../lib' -lruby /home/ec2-user/environment/be-yourself/vender/bundle/ruby/2.5.0/gems/nokogiri-1.11.1/ports/x86_64-pc-linux-gnu/libxslt/1.1.34/lib/libexslt.a -lm -ldl -lz /home/ec2-user/environment/be-yourself/vender/bundle/ruby/2.5.0/gems/nokogiri-1.11.1/ports/x86_64-pc-linux-gnu/libxml2/2.9.10/lib/libxml2.a /home/ec2-user/environment/be-yourself/vender/bundle/ruby/2.5.0/gems/nokogiri-1.11.1/ports/x86_64-pc-linux-gnu/libxslt/1.1.34/lib/libxslt.a -ldl -lm -lz /home/ec2-user/environment/be-yourself/vender/bundle/ruby/2.5.0/gems/nokogiri-1.11.1/ports/x86_64-pc-linux-gnu/libxml2/2.9.10/lib/libxml2.a -lpthread -ldl -lcrypt -lm   -lc"
checked program was:
/* begin */
 1: #include "ruby.h"
 2: 
 3: /*top*/
 4: extern int t(void);
 5: int main(int argc, char **argv)
 6: {
 7:   if (argc > 1000000) {
 8:     printf("%p", &t);
 9:   }
10: 
11:   return 0;
12: }
13: extern void xmlSchemaSetValidStructuredErrors();
14: int t(void) { xmlSchemaSetValidStructuredErrors(); return 0; }
/* end */

--------------------

have_func: checking for xmlSchemaSetParserStructuredErrors()... -------------------- yes

"gcc -o conftest -I/home/ec2-user/.rvm/rubies/ruby-2.5.3/include/ruby-2.5.0/x86_64-linux -I/home/ec2-user/.rvm/rubies/ruby-2.5.3/include/ruby-2.5.0/ruby/backward -I/home/ec2-user/.rvm/rubies/ruby-2.5.3/include/ruby-2.5.0 -I. -I/home/ec2-user/environment/be-yourself/vender/bundle/ruby/2.5.0/gems/nokogiri-1.11.1/ports/x86_64-pc-linux-gnu/libxml2/2.9.10/include/libxml2 -I/home/ec2-user/environment/be-yourself/vender/bundle/ruby/2.5.0/gems/nokogiri-1.11.1/ports/x86_64-pc-linux-gnu/libxslt/1.1.34/include -I/home/ec2-user/environment/be-yourself/vender/bundle/ruby/2.5.0/gems/nokogiri-1.11.1/ports/x86_64-pc-linux-gnu/libxml2/2.9.10/include/libxml2    -DNOKOGIRI_PACKAGED_LIBRARIES -DNOKOGIRI_LIBXML2_PATCHES="\"0001-Revert-Do-not-URI-escape-in-server-side-includes.patch 0002-Remove-script-macro-support.patch 0003-Update-entities-to-remove-handling-of-ssi.patch 0004-libxml2.la-is-in-top_builddir.patch 0005-Fix-infinite-loop-in-xmlStringLenDecodeEntities.patch 0006-htmlParseComment-treat-as-if-it-closed-the-comment.patch 0007-use-new-htmlParseLookupCommentEnd-to-find-comment-en.patch 0008-use-glibc-strlen.patch 0009-avoid-isnan-isinf.patch\"" -DNOKOGIRI_LIBXSLT_PATCHES="\"\"" -O3 -ggdb3 -Wall -Wextra -Wno-unused-parameter -Wno-parentheses -Wno-long-long -Wno-missing-field-initializers -Wno-tautological-compare -Wno-parentheses-equality -Wno-constant-logical-operand -Wno-self-assign -Wunused-variable -Wimplicit-int -Wpointer-arith -Wwrite-strings -Wdeclaration-after-statement -Wimplicit-function-declaration -Wdeprecated-declarations -Wno-packed-bitfield-compat -Wsuggest-attribute=noreturn -Wsuggest-attribute=format  -fPIC -g -Winline -Wmissing-noreturn conftest.c  -L. -L/home/ec2-user/.rvm/rubies/ruby-2.5.3/lib -Wl,-rpath,/home/ec2-user/.rvm/rubies/ruby-2.5.3/lib -L/home/ec2-user/environment/be-yourself/vender/bundle/ruby/2.5.0/gems/nokogiri-1.11.1/ports/x86_64-pc-linux-gnu/libxml2/2.9.10/lib -Wl,-rpath,/home/ec2-user/environment/be-yourself/vender/bundle/ruby/2.5.0/gems/nokogiri-1.11.1/ports/x86_64-pc-linux-gnu/libxml2/2.9.10/lib -L/home/ec2-user/environment/be-yourself/vender/bundle/ruby/2.5.0/gems/nokogiri-1.11.1/ports/x86_64-pc-linux-gnu/libxslt/1.1.34/lib -Wl,-rpath,/home/ec2-user/environment/be-yourself/vender/bundle/ruby/2.5.0/gems/nokogiri-1.11.1/ports/x86_64-pc-linux-gnu/libxslt/1.1.34/lib -L. -fstack-protector -rdynamic -Wl,-export-dynamic    /home/ec2-user/environment/be-yourself/vender/bundle/ruby/2.5.0/gems/nokogiri-1.11.1/ports/x86_64-pc-linux-gnu/libxslt/1.1.34/lib/libexslt.a -lm -ldl -lz /home/ec2-user/environment/be-yourself/vender/bundle/ruby/2.5.0/gems/nokogiri-1.11.1/ports/x86_64-pc-linux-gnu/libxml2/2.9.10/lib/libxml2.a /home/ec2-user/environment/be-yourself/vender/bundle/ruby/2.5.0/gems/nokogiri-1.11.1/ports/x86_64-pc-linux-gnu/libxslt/1.1.34/lib/libxslt.a -ldl -lm -lz /home/ec2-user/environment/be-yourself/vender/bundle/ruby/2.5.0/gems/nokogiri-1.11.1/ports/x86_64-pc-linux-gnu/libxml2/2.9.10/lib/libxml2.a -Wl,-rpath,'/../lib' -Wl,-rpath,'/../lib' -lruby /home/ec2-user/environment/be-yourself/vender/bundle/ruby/2.5.0/gems/nokogiri-1.11.1/ports/x86_64-pc-linux-gnu/libxslt/1.1.34/lib/libexslt.a -lm -ldl -lz /home/ec2-user/environment/be-yourself/vender/bundle/ruby/2.5.0/gems/nokogiri-1.11.1/ports/x86_64-pc-linux-gnu/libxml2/2.9.10/lib/libxml2.a /home/ec2-user/environment/be-yourself/vender/bundle/ruby/2.5.0/gems/nokogiri-1.11.1/ports/x86_64-pc-linux-gnu/libxslt/1.1.34/lib/libxslt.a -ldl -lm -lz /home/ec2-user/environment/be-yourself/vender/bundle/ruby/2.5.0/gems/nokogiri-1.11.1/ports/x86_64-pc-linux-gnu/libxml2/2.9.10/lib/libxml2.a -lpthread -ldl -lcrypt -lm   -lc"
conftest.c: In function ‘t’:
conftest.c:13:57: error: ‘xmlSchemaSetParserStructuredErrors’ undeclared (first use in this function)
 int t(void) { void ((*volatile p)()); p = (void ((*)()))xmlSchemaSetParserStructuredErrors; return !p; }
                                                         ^~~~~~~~~~~~~~~~~~~~~~~~~~~~~~~~~~
conftest.c:13:57: note: each undeclared identifier is reported only once for each function it appears in
conftest.c: At top level:
cc1: warning: unrecognized command line option ‘-Wno-self-assign’
cc1: warning: unrecognized command line option ‘-Wno-constant-logical-operand’
cc1: warning: unrecognized command line option ‘-Wno-parentheses-equality’
checked program was:
/* begin */
 1: #include "ruby.h"
 2: 
 3: /*top*/
 4: extern int t(void);
 5: int main(int argc, char **argv)
 6: {
 7:   if (argc > 1000000) {
 8:     printf("%p", &t);
 9:   }
10: 
11:   return 0;
12: }
13: int t(void) { void ((*volatile p)()); p = (void ((*)()))xmlSchemaSetParserStructuredErrors; return !p; }
/* end */

"gcc -o conftest -I/home/ec2-user/.rvm/rubies/ruby-2.5.3/include/ruby-2.5.0/x86_64-linux -I/home/ec2-user/.rvm/rubies/ruby-2.5.3/include/ruby-2.5.0/ruby/backward -I/home/ec2-user/.rvm/rubies/ruby-2.5.3/include/ruby-2.5.0 -I. -I/home/ec2-user/environment/be-yourself/vender/bundle/ruby/2.5.0/gems/nokogiri-1.11.1/ports/x86_64-pc-linux-gnu/libxml2/2.9.10/include/libxml2 -I/home/ec2-user/environment/be-yourself/vender/bundle/ruby/2.5.0/gems/nokogiri-1.11.1/ports/x86_64-pc-linux-gnu/libxslt/1.1.34/include -I/home/ec2-user/environment/be-yourself/vender/bundle/ruby/2.5.0/gems/nokogiri-1.11.1/ports/x86_64-pc-linux-gnu/libxml2/2.9.10/include/libxml2    -DNOKOGIRI_PACKAGED_LIBRARIES -DNOKOGIRI_LIBXML2_PATCHES="\"0001-Revert-Do-not-URI-escape-in-server-side-includes.patch 0002-Remove-script-macro-support.patch 0003-Update-entities-to-remove-handling-of-ssi.patch 0004-libxml2.la-is-in-top_builddir.patch 0005-Fix-infinite-loop-in-xmlStringLenDecodeEntities.patch 0006-htmlParseComment-treat-as-if-it-closed-the-comment.patch 0007-use-new-htmlParseLookupCommentEnd-to-find-comment-en.patch 0008-use-glibc-strlen.patch 0009-avoid-isnan-isinf.patch\"" -DNOKOGIRI_LIBXSLT_PATCHES="\"\"" -O3 -ggdb3 -Wall -Wextra -Wno-unused-parameter -Wno-parentheses -Wno-long-long -Wno-missing-field-initializers -Wno-tautological-compare -Wno-parentheses-equality -Wno-constant-logical-operand -Wno-self-assign -Wunused-variable -Wimplicit-int -Wpointer-arith -Wwrite-strings -Wdeclaration-after-statement -Wimplicit-function-declaration -Wdeprecated-declarations -Wno-packed-bitfield-compat -Wsuggest-attribute=noreturn -Wsuggest-attribute=format  -fPIC -g -Winline -Wmissing-noreturn conftest.c  -L. -L/home/ec2-user/.rvm/rubies/ruby-2.5.3/lib -Wl,-rpath,/home/ec2-user/.rvm/rubies/ruby-2.5.3/lib -L/home/ec2-user/environment/be-yourself/vender/bundle/ruby/2.5.0/gems/nokogiri-1.11.1/ports/x86_64-pc-linux-gnu/libxml2/2.9.10/lib -Wl,-rpath,/home/ec2-user/environment/be-yourself/vender/bundle/ruby/2.5.0/gems/nokogiri-1.11.1/ports/x86_64-pc-linux-gnu/libxml2/2.9.10/lib -L/home/ec2-user/environment/be-yourself/vender/bundle/ruby/2.5.0/gems/nokogiri-1.11.1/ports/x86_64-pc-linux-gnu/libxslt/1.1.34/lib -Wl,-rpath,/home/ec2-user/environment/be-yourself/vender/bundle/ruby/2.5.0/gems/nokogiri-1.11.1/ports/x86_64-pc-linux-gnu/libxslt/1.1.34/lib -L. -fstack-protector -rdynamic -Wl,-export-dynamic    /home/ec2-user/environment/be-yourself/vender/bundle/ruby/2.5.0/gems/nokogiri-1.11.1/ports/x86_64-pc-linux-gnu/libxslt/1.1.34/lib/libexslt.a -lm -ldl -lz /home/ec2-user/environment/be-yourself/vender/bundle/ruby/2.5.0/gems/nokogiri-1.11.1/ports/x86_64-pc-linux-gnu/libxml2/2.9.10/lib/libxml2.a /home/ec2-user/environment/be-yourself/vender/bundle/ruby/2.5.0/gems/nokogiri-1.11.1/ports/x86_64-pc-linux-gnu/libxslt/1.1.34/lib/libxslt.a -ldl -lm -lz /home/ec2-user/environment/be-yourself/vender/bundle/ruby/2.5.0/gems/nokogiri-1.11.1/ports/x86_64-pc-linux-gnu/libxml2/2.9.10/lib/libxml2.a -Wl,-rpath,'/../lib' -Wl,-rpath,'/../lib' -lruby /home/ec2-user/environment/be-yourself/vender/bundle/ruby/2.5.0/gems/nokogiri-1.11.1/ports/x86_64-pc-linux-gnu/libxslt/1.1.34/lib/libexslt.a -lm -ldl -lz /home/ec2-user/environment/be-yourself/vender/bundle/ruby/2.5.0/gems/nokogiri-1.11.1/ports/x86_64-pc-linux-gnu/libxml2/2.9.10/lib/libxml2.a /home/ec2-user/environment/be-yourself/vender/bundle/ruby/2.5.0/gems/nokogiri-1.11.1/ports/x86_64-pc-linux-gnu/libxslt/1.1.34/lib/libxslt.a -ldl -lm -lz /home/ec2-user/environment/be-yourself/vender/bundle/ruby/2.5.0/gems/nokogiri-1.11.1/ports/x86_64-pc-linux-gnu/libxml2/2.9.10/lib/libxml2.a -lpthread -ldl -lcrypt -lm   -lc"
checked program was:
/* begin */
 1: #include "ruby.h"
 2: 
 3: /*top*/
 4: extern int t(void);
 5: int main(int argc, char **argv)
 6: {
 7:   if (argc > 1000000) {
 8:     printf("%p", &t);
 9:   }
10: 
11:   return 0;
12: }
13: extern void xmlSchemaSetParserStructuredErrors();
14: int t(void) { xmlSchemaSetParserStructuredErrors(); return 0; }
/* end */

--------------------

have_func: checking for vasprintf()... -------------------- yes

"gcc -o conftest -I/home/ec2-user/.rvm/rubies/ruby-2.5.3/include/ruby-2.5.0/x86_64-linux -I/home/ec2-user/.rvm/rubies/ruby-2.5.3/include/ruby-2.5.0/ruby/backward -I/home/ec2-user/.rvm/rubies/ruby-2.5.3/include/ruby-2.5.0 -I. -I/home/ec2-user/environment/be-yourself/vender/bundle/ruby/2.5.0/gems/nokogiri-1.11.1/ports/x86_64-pc-linux-gnu/libxml2/2.9.10/include/libxml2 -I/home/ec2-user/environment/be-yourself/vender/bundle/ruby/2.5.0/gems/nokogiri-1.11.1/ports/x86_64-pc-linux-gnu/libxslt/1.1.34/include -I/home/ec2-user/environment/be-yourself/vender/bundle/ruby/2.5.0/gems/nokogiri-1.11.1/ports/x86_64-pc-linux-gnu/libxml2/2.9.10/include/libxml2    -DNOKOGIRI_PACKAGED_LIBRARIES -DNOKOGIRI_LIBXML2_PATCHES="\"0001-Revert-Do-not-URI-escape-in-server-side-includes.patch 0002-Remove-script-macro-support.patch 0003-Update-entities-to-remove-handling-of-ssi.patch 0004-libxml2.la-is-in-top_builddir.patch 0005-Fix-infinite-loop-in-xmlStringLenDecodeEntities.patch 0006-htmlParseComment-treat-as-if-it-closed-the-comment.patch 0007-use-new-htmlParseLookupCommentEnd-to-find-comment-en.patch 0008-use-glibc-strlen.patch 0009-avoid-isnan-isinf.patch\"" -DNOKOGIRI_LIBXSLT_PATCHES="\"\"" -O3 -ggdb3 -Wall -Wextra -Wno-unused-parameter -Wno-parentheses -Wno-long-long -Wno-missing-field-initializers -Wno-tautological-compare -Wno-parentheses-equality -Wno-constant-logical-operand -Wno-self-assign -Wunused-variable -Wimplicit-int -Wpointer-arith -Wwrite-strings -Wdeclaration-after-statement -Wimplicit-function-declaration -Wdeprecated-declarations -Wno-packed-bitfield-compat -Wsuggest-attribute=noreturn -Wsuggest-attribute=format  -fPIC -g -Winline -Wmissing-noreturn conftest.c  -L. -L/home/ec2-user/.rvm/rubies/ruby-2.5.3/lib -Wl,-rpath,/home/ec2-user/.rvm/rubies/ruby-2.5.3/lib -L/home/ec2-user/environment/be-yourself/vender/bundle/ruby/2.5.0/gems/nokogiri-1.11.1/ports/x86_64-pc-linux-gnu/libxml2/2.9.10/lib -Wl,-rpath,/home/ec2-user/environment/be-yourself/vender/bundle/ruby/2.5.0/gems/nokogiri-1.11.1/ports/x86_64-pc-linux-gnu/libxml2/2.9.10/lib -L/home/ec2-user/environment/be-yourself/vender/bundle/ruby/2.5.0/gems/nokogiri-1.11.1/ports/x86_64-pc-linux-gnu/libxslt/1.1.34/lib -Wl,-rpath,/home/ec2-user/environment/be-yourself/vender/bundle/ruby/2.5.0/gems/nokogiri-1.11.1/ports/x86_64-pc-linux-gnu/libxslt/1.1.34/lib -L. -fstack-protector -rdynamic -Wl,-export-dynamic    /home/ec2-user/environment/be-yourself/vender/bundle/ruby/2.5.0/gems/nokogiri-1.11.1/ports/x86_64-pc-linux-gnu/libxslt/1.1.34/lib/libexslt.a -lm -ldl -lz /home/ec2-user/environment/be-yourself/vender/bundle/ruby/2.5.0/gems/nokogiri-1.11.1/ports/x86_64-pc-linux-gnu/libxml2/2.9.10/lib/libxml2.a /home/ec2-user/environment/be-yourself/vender/bundle/ruby/2.5.0/gems/nokogiri-1.11.1/ports/x86_64-pc-linux-gnu/libxslt/1.1.34/lib/libxslt.a -ldl -lm -lz /home/ec2-user/environment/be-yourself/vender/bundle/ruby/2.5.0/gems/nokogiri-1.11.1/ports/x86_64-pc-linux-gnu/libxml2/2.9.10/lib/libxml2.a -Wl,-rpath,'/../lib' -Wl,-rpath,'/../lib' -lruby /home/ec2-user/environment/be-yourself/vender/bundle/ruby/2.5.0/gems/nokogiri-1.11.1/ports/x86_64-pc-linux-gnu/libxslt/1.1.34/lib/libexslt.a -lm -ldl -lz /home/ec2-user/environment/be-yourself/vender/bundle/ruby/2.5.0/gems/nokogiri-1.11.1/ports/x86_64-pc-linux-gnu/libxml2/2.9.10/lib/libxml2.a /home/ec2-user/environment/be-yourself/vender/bundle/ruby/2.5.0/gems/nokogiri-1.11.1/ports/x86_64-pc-linux-gnu/libxslt/1.1.34/lib/libxslt.a -ldl -lm -lz /home/ec2-user/environment/be-yourself/vender/bundle/ruby/2.5.0/gems/nokogiri-1.11.1/ports/x86_64-pc-linux-gnu/libxml2/2.9.10/lib/libxml2.a -lpthread -ldl -lcrypt -lm   -lc"
checked program was:
/* begin */
 1: #include "ruby.h"
 2: 
 3: /*top*/
 4: extern int t(void);
 5: int main(int argc, char **argv)
 6: {
 7:   if (argc > 1000000) {
 8:     printf("%p", &t);
 9:   }
10: 
11:   return 0;
12: }
13: int t(void) { void ((*volatile p)()); p = (void ((*)()))vasprintf; return !p; }
/* end */

--------------------

block in append_cppflags: checking for whether -DNOKOGIRI_OTHER_LIBRARY_VERSIONS="\"\"" is accepted as CPPFLAGS... -------------------- yes

"gcc -E -I/home/ec2-user/.rvm/rubies/ruby-2.5.3/include/ruby-2.5.0/x86_64-linux -I/home/ec2-user/.rvm/rubies/ruby-2.5.3/include/ruby-2.5.0/ruby/backward -I/home/ec2-user/.rvm/rubies/ruby-2.5.3/include/ruby-2.5.0 -I. -I/home/ec2-user/environment/be-yourself/vender/bundle/ruby/2.5.0/gems/nokogiri-1.11.1/ports/x86_64-pc-linux-gnu/libxml2/2.9.10/include/libxml2 -I/home/ec2-user/environment/be-yourself/vender/bundle/ruby/2.5.0/gems/nokogiri-1.11.1/ports/x86_64-pc-linux-gnu/libxslt/1.1.34/include -I/home/ec2-user/environment/be-yourself/vender/bundle/ruby/2.5.0/gems/nokogiri-1.11.1/ports/x86_64-pc-linux-gnu/libxml2/2.9.10/include/libxml2    -DNOKOGIRI_PACKAGED_LIBRARIES -DNOKOGIRI_LIBXML2_PATCHES="\"0001-Revert-Do-not-URI-escape-in-server-side-includes.patch 0002-Remove-script-macro-support.patch 0003-Update-entities-to-remove-handling-of-ssi.patch 0004-libxml2.la-is-in-top_builddir.patch 0005-Fix-infinite-loop-in-xmlStringLenDecodeEntities.patch 0006-htmlParseComment-treat-as-if-it-closed-the-comment.patch 0007-use-new-htmlParseLookupCommentEnd-to-find-comment-en.patch 0008-use-glibc-strlen.patch 0009-avoid-isnan-isinf.patch\"" -DNOKOGIRI_LIBXSLT_PATCHES="\"\"" -O3 -ggdb3 -Wall -Wextra -Wno-unused-parameter -Wno-parentheses -Wno-long-long -Wno-missing-field-initializers -Wno-tautological-compare -Wno-parentheses-equality -Wno-constant-logical-operand -Wno-self-assign -Wunused-variable -Wimplicit-int -Wpointer-arith -Wwrite-strings -Wdeclaration-after-statement -Wimplicit-function-declaration -Wdeprecated-declarations -Wno-packed-bitfield-compat -Wsuggest-attribute=noreturn -Wsuggest-attribute=format  -fPIC -g -Winline -Wmissing-noreturn -DNOKOGIRI_OTHER_LIBRARY_VERSIONS="\"\"" conftest.c -o conftest.i"
checked program was:
/* begin */
1: #include "ruby.h"
2: 
3: int main(int argc, char **argv)
4: {
5:   return 0;
6: }
/* end */

--------------------

